 
                                                                                                                                                                                                                                                                
 
 
Variable Summary

          Measurement    Frequency
 Role        Level         Count

INPUT      INTERVAL          4    
INPUT      NOMINAL           2    
TARGET     BINARY            1    
 
                                                                                                                                                                                                                                                                
 
 

The CONTENTS Procedure

Data Set Name        EMWS1.FIMPORT_DATA            Observations          20
Member Type          DATA                          Variables             7 
Engine               V9                            Indexes               0 
Created              10/29/2018 11:21:18           Observation Length    48
Last Modified        10/29/2018 11:21:18           Deleted Observations  0 
Protection                                         Compressed            NO
Data Set Type                                      Sorted                NO
Label                                                                      
Data Representation  WINDOWS_64                                            
Encoding             wlatin1  Western (Windows)                            


                                        Engine/Host Dependent Information

Data Set Page Size          65536                                                                                 
Number of Data Set Pages    1                                                                                     
First Data Page             1                                                                                     
Max Obs per Page            1361                                                                                  
Obs in First Data Page      20                                                                                    
Number of Data Set Repairs  0                                                                                     
ExtendObsCounter            YES                                                                                   
Filename                    J:\JMMORR01\CIS 445\Project 2\CIS 445 Project 2\Workspaces\EMWS1\fimport_data.sas7bdat
Release Created             9.0401M3                                                                              
Host Created                X64_8PRO                                                                              


           Alphabetic List of Variables and Attributes
 
#    Variable     Type    Len    Format    Informat    Label

1    Age          Num       8    BEST.                 Age      
6    Income       Char      4    $4.       $4.         Income   
3    Residence    Char      3    $3.       $3.         Residence
7    WidgBuy      Char      3    $3.       $3.         WidgBuy  
2    X2           Num       8    BEST.                 X2       
4    X4           Num       8    BEST.                 X4       
5    X5           Num       8    BEST.                 X5       
