MPRINT(EM_DIAGRAM):    data _null_;
MPRINT(EM_DIAGRAM):   call symput('NLDATE', strip(put(date(), NLDATE.)));
MPRINT(EM_DIAGRAM):   call symput('NLTIME', strip(put(datetime(), NLTIME.)));
MPRINT(EM_DIAGRAM):   run;
MPRINT(EM_DIAGRAM):   data _null_;
MPRINT(EM_DIAGRAM):   nldate= sasmsg("sashelp.dmine", "log_date_note", 'N', "October 29, 2018" );
MPRINT(EM_DIAGRAM):   nltime= sasmsg("sashelp.dmine", "log_time_note", 'N', "11:41:37" );
MPRINT(EM_DIAGRAM):   put "*------------------------------------------------------------*";
MPRINT(EM_DIAGRAM):   put "* Training Log";
MPRINT(EM_DIAGRAM):   put nldate;
MPRINT(EM_DIAGRAM):   put nltime;
MPRINT(EM_DIAGRAM):   put "*------------------------------------------------------------*";
MPRINT(EM_DIAGRAM):   run;
*------------------------------------------------------------*
* Training Log
Date:                October 29, 2018
Time:                11:41:37
*------------------------------------------------------------*
MPRINT(EM_DIAGRAM):    filename O3LEPYV9 "J:\JMMORR01\CIS 445\Project 2\CIS 445 Project 2\Workspaces\EMWS1\Neural\EMTRAIN.out" encoding="UTF-8" NOBOM;
MPRINT(EM_DIAGRAM):   proc printto print=O3LEPYV9 new;
MPRINT(EM_DIAGRAM):   run;
MPRINT(EM_DIAGRAM):    filename _LOG "J:\JMMORR01\CIS 445\Project 2\CIS 445 Project 2\Workspaces\EMWS1\Neural\EMLOG.log" encoding="UTF-8" NOBOM;
MPRINT(EM_DIAGRAM):    data _null_;
MPRINT(EM_DIAGRAM):   call symput('NLDATE', strip(put(date(), NLDATE.)));
MPRINT(EM_DIAGRAM):   call symput('NLTIME', strip(put(datetime(), NLTIME.)));
MPRINT(EM_DIAGRAM):   run;
MPRINT(EM_DIAGRAM):   data _null_;
MPRINT(EM_DIAGRAM):   nldate= sasmsg("sashelp.dmine", "log_date_note", 'N', "October 29, 2018" );
MPRINT(EM_DIAGRAM):   nltime= sasmsg("sashelp.dmine", "log_time_note", 'N', "11:41:37" );
MPRINT(EM_DIAGRAM):   file _LOG;
MPRINT(EM_DIAGRAM):   put "*------------------------------------------------------------*";
MPRINT(EM_DIAGRAM):   put "User:                jmmorr01";
MPRINT(EM_DIAGRAM):   put nldate;
MPRINT(EM_DIAGRAM):   put nltime;
MPRINT(EM_DIAGRAM):   put "Site:                70080761";
MPRINT(EM_DIAGRAM):   put "Platform:            X64_8PRO";
MPRINT(EM_DIAGRAM):   put "Maintenance Release: 9.04.01M3P062415";
MPRINT(EM_DIAGRAM):   put "EM Version:          14.1";
MPRINT(EM_DIAGRAM):   put "* ";
MPRINT(EM_DIAGRAM):   run;
MPRINT(EM_DIAGRAM):    filename _LOGIN "J:\JMMORR01\CIS 445\Project 2\CIS 445 Project 2\Workspaces\EMWS1\Neural\EMTRAIN.log" encoding="UTF-8" NOBOM;
MPRINT(EM_COPYFILE):   data _null_;
MPRINT(EM_COPYFILE):   length line $20000;
MPRINT(EM_COPYFILE):   file _LOG MOD lrecl=20000;
MPRINT(EM_COPYFILE):   fid=fopen("_LOGIN",'i',20000,'v');
MPRINT(EM_COPYFILE):   if fid > 0 then do;
MPRINT(EM_COPYFILE):   do while(^fread(fid));
MPRINT(EM_COPYFILE):   rlen = frlen(fid);
MPRINT(EM_COPYFILE):   rc= fget(fid,line,20000);
MPRINT(EM_COPYFILE):   start = length(line)-length(left(line))+1;
MPRINT(EM_COPYFILE):   line=strip(line);
MPRINT(EM_COPYFILE):   put @start line;
MPRINT(EM_COPYFILE):   end;
MPRINT(EM_COPYFILE):   if fid > 0 then rc=fclose(fid);
MPRINT(EM_COPYFILE):   end;
MPRINT(EM_COPYFILE):   run;
MPRINT(EM_DIAGRAM):  ;
MPRINT(EM_DIAGRAM):   filename _LOGIN;
MPRINT(EM_DIAGRAM):    data _null_;
MPRINT(EM_DIAGRAM):   file _LOG mod;
MPRINT(EM_DIAGRAM):   put _page_;
MPRINT(EM_DIAGRAM):   run;
MPRINT(EM_DIAGRAM):   filename _LOGIN "J:\JMMORR01\CIS 445\Project 2\CIS 445 Project 2\Workspaces\EMWS1\Neural\EMSCORE.log" encoding="UTF-8" NOBOM;
MPRINT(EM_DIAGRAM):  ;
MPRINT(EM_DIAGRAM):   data _null_;
MPRINT(EM_DIAGRAM):   file _LOG mod;
MPRINT(EM_DIAGRAM):   put _page_;
MPRINT(EM_DIAGRAM):   run;
MPRINT(EM_DIAGRAM):    filename _LOGIN "J:\JMMORR01\CIS 445\Project 2\CIS 445 Project 2\Workspaces\EMWS1\Neural\EMREPORT.log" encoding="UTF-8" NOBOM;
MPRINT(EM_DIAGRAM):  ;
MPRINT(EM_DIAGRAM):   filename _LOGIN;
MPRINT(EM_DIAGRAM):    filename _LOG;
MPRINT(EM_DIAGRAM):    filename _OUT "J:\JMMORR01\CIS 445\Project 2\CIS 445 Project 2\Workspaces\EMWS1\Neural\EMOUTPUT.out" encoding="UTF-8" NOBOM;
MPRINT(EM_DIAGRAM):    data _null_;
MPRINT(EM_DIAGRAM):   call symput('NLDATE', strip(put(date(), NLDATE.)));
MPRINT(EM_DIAGRAM):   call symput('NLTIME', strip(put(datetime(), NLTIME.)));
MPRINT(EM_DIAGRAM):   run;
MPRINT(EM_DIAGRAM):   data _null_;
MPRINT(EM_DIAGRAM):   nldate= sasmsg("sashelp.dmine", "log_date_note", 'N', "October 29, 2018" );
MPRINT(EM_DIAGRAM):   nltime= sasmsg("sashelp.dmine", "log_time_note", 'N', "11:41:37" );
MPRINT(EM_DIAGRAM):   file _OUT;
MPRINT(EM_DIAGRAM):   put "*------------------------------------------------------------*";
MPRINT(EM_DIAGRAM):   put "User:                jmmorr01";
MPRINT(EM_DIAGRAM):   put nldate;
MPRINT(EM_DIAGRAM):   put nltime;
MPRINT(EM_DIAGRAM):   put "*------------------------------------------------------------*";
MPRINT(EM_DIAGRAM):   put "* Training Output";
MPRINT(EM_DIAGRAM):   put "*------------------------------------------------------------*";
MPRINT(EM_DIAGRAM):   run;
MPRINT(EM_DIAGRAM):    filename _OUTIN "J:\JMMORR01\CIS 445\Project 2\CIS 445 Project 2\Workspaces\EMWS1\Neural\EMTRAIN.out" encoding="UTF-8" NOBOM;
MPRINT(EM_DIAGRAM):   ;
MPRINT(EM_COPYFILE):   data _null_;
MPRINT(EM_COPYFILE):   length line $20000;
MPRINT(EM_COPYFILE):   file _OUT MOD lrecl=20000;
MPRINT(EM_COPYFILE):   fid=fopen("_OUTIN",'i',20000,'v');
MPRINT(EM_COPYFILE):   if fid > 0 then do;
MPRINT(EM_COPYFILE):   do while(^fread(fid));
MPRINT(EM_COPYFILE):   rlen = frlen(fid);
MPRINT(EM_COPYFILE):   rc= fget(fid,line,20000);
MPRINT(EM_COPYFILE):   start = length(line)-length(left(line))+1;
MPRINT(EM_COPYFILE):   line=strip(line);
MPRINT(EM_COPYFILE):   put @start line;
MPRINT(EM_COPYFILE):   end;
MPRINT(EM_COPYFILE):   if fid > 0 then rc=fclose(fid);
MPRINT(EM_COPYFILE):   end;
MPRINT(EM_COPYFILE):   run;
MPRINT(EM_DIAGRAM):  ;
MPRINT(EM_DIAGRAM):   filename _OUTIN;
MPRINT(EM_DIAGRAM):    data _null_;
MPRINT(EM_DIAGRAM):   file _OUT mod;
MPRINT(EM_DIAGRAM):   put _page_;
MPRINT(EM_DIAGRAM):   put // "*------------------------------------------------------------*";
MPRINT(EM_DIAGRAM):   put "* Score Output";
MPRINT(EM_DIAGRAM):   put "*------------------------------------------------------------*";
MPRINT(EM_DIAGRAM):   run;
MPRINT(EM_DIAGRAM):    filename _OUTIN "J:\JMMORR01\CIS 445\Project 2\CIS 445 Project 2\Workspaces\EMWS1\Neural\EMSCORE.out" encoding="UTF-8" NOBOM;
MPRINT(EM_DIAGRAM):  ;
MPRINT(EM_DIAGRAM):   filename _OUTIN;
MPRINT(EM_DIAGRAM):    data _null_;
MPRINT(EM_DIAGRAM):   file _OUT mod;
MPRINT(EM_DIAGRAM):   put _page_;
MPRINT(EM_DIAGRAM):   put // "*------------------------------------------------------------*";
MPRINT(EM_DIAGRAM):   put "* Report Output";
MPRINT(EM_DIAGRAM):   put "*------------------------------------------------------------*";
MPRINT(EM_DIAGRAM):   run;
MPRINT(EM_DIAGRAM):    filename _OUTIN "J:\JMMORR01\CIS 445\Project 2\CIS 445 Project 2\Workspaces\EMWS1\Neural\EMREPORT.out" encoding="UTF-8" NOBOM;
MPRINT(EM_DIAGRAM):  ;
MPRINT(EM_DIAGRAM):   filename _OUTIN;
MPRINT(EM_DIAGRAM):    filename _OUT;
MPRINT(EM_DIAGRAM):    filename _emtool_ 'J:\JMMORR01\CIS 445\Project 2\CIS 445 Project 2\Workspaces\EMWS1\Neural\EMRUNSTATUS.xml' encoding="UTF-8" NOBOM;
MPRINT(EM_DIAGRAM):    filename _emtool_ 'J:\JMMORR01\CIS 445\Project 2\CIS 445 Project 2\Workspaces\EMWS1\Neural\EMRUNSTATUS.xml' encoding="UTF-8" NOBOM;
21331      proc freq data=EMWS1.Neural_VariableSet noprint;
MPRINT(EM_DIAGRAM):    proc freq data=EMWS1.Neural_VariableSet noprint;
21332      table ROLE*LEVEL/out=WORK.NeuralMETA;
MPRINT(EM_DIAGRAM):   table ROLE*LEVEL/out=WORK.NeuralMETA;
21333      run;
MPRINT(EM_DIAGRAM):   run;

NOTE: There were 7 observations read from the data set EMWS1.NEURAL_VARIABLESET.
NOTE: The data set WORK.NEURALMETA has 3 observations and 4 variables.
NOTE: PROCEDURE FREQ used (Total process time):
      real time           0.10 seconds
      cpu time            0.04 seconds
      

21334      proc print data=WORK.NeuralMETA label noobs;
MPRINT(EM_DIAGRAM):   proc print data=WORK.NeuralMETA label noobs;
21335      var ROLE LEVEL COUNT;
MPRINT(EM_DIAGRAM):   var ROLE LEVEL COUNT;
21336      label ROLE = "%sysfunc(sasmsg(sashelp.dmine, meta_role_vlabel, NOQUOTE))" LEVEL = "%sysfunc(sasmsg(sashelp.dmine, meta_level_vlabel, NOQUOTE))" COUNT = "%sysfunc(sasmsg(sashelp.dmine, rpt_count_vlabel, NOQUOTE))";
MPRINT(EM_DIAGRAM):   label ROLE = "Role" LEVEL = "Measurement Level" COUNT = "Frequency Count";
21337      title9 ' ';
MPRINT(EM_DIAGRAM):   title9 ' ';
21338      title10 "%sysfunc(sasmsg(sashelp.dmine, rpt_varSummary_title  , NOQUOTE))";
MPRINT(EM_DIAGRAM):   title10 "Variable Summary";
MPRINT(EM_DIAGRAM):   run;
21339      run;

NOTE: There were 3 observations read from the data set WORK.NEURALMETA.
NOTE: The PROCEDURE PRINT printed page 1.
NOTE: PROCEDURE PRINT used (Total process time):
      real time           0.01 seconds
      cpu time            0.01 seconds
      

21340      title10;
MPRINT(EM_DIAGRAM):   title10;
21341      %let EMNORLEN = %DMNORLEN;
MPRINT(EM_DIAGRAM):   
EMWS1.FIMPORT_train EMWS1.FIMPORT_train 
EMWS1.FIMPORT_train EMWS1.FIMPORT_train EMWS1 FIMPORT_train 
EMWS1.FIMPORT_train EMWS1.FIMPORT_train 
EMWS1.FIMPORT_train EMWS1.FIMPORT_train EMWS1 FIMPORT_train 
MPRINT(EM_DIAGRAM):    proc dmdb data=EMWS1.FIMPORT_train classout=WORK._DMDBCLASSTARGET(keep=NAME NRAW CRAW LEVEL FREQUENCY NMISSPERCENT);
MPRINT(EM_DIAGRAM):   class WidgBuy(DESC) ;
MPRINT(EM_DIAGRAM):   run;
MPRINT(EM_DIAGRAM):    data _null_;
MPRINT(EM_DIAGRAM):   set WORK._DMDBCLASSTARGET;
MPRINT(EM_DIAGRAM):   where ^(NRAW eq . and CRAW eq '') and NAME="WidgBuy";
MPRINT(EM_DIAGRAM):   if _N_=1 then call symput('_newevent', strip(LEVEL));
MPRINT(EM_DIAGRAM):   run;
MPRINT(EM_DIAGRAM):   proc sort data=WORK._DMDBCLASSTARGET out=_TEMPCLASS(keep=LEVEL FREQUENCY NMISSPERCENT rename=(LEVEL=WidgBuy));
MPRINT(EM_DIAGRAM):   by LEVEL;
MPRINT(EM_DIAGRAM):   where ^(NRAW eq . and CRAW eq '') and NAME="WidgBuy";
MPRINT(EM_DIAGRAM):   run;
MPRINT(EM_DIAGRAM):   data _TEMPCLASS;
MPRINT(EM_DIAGRAM):   set _TEMPCLASS;
MPRINT(EM_DIAGRAM):   NMISSPERCENT= NMISSPERCENT/100;
MPRINT(EM_DIAGRAM):   run;
>>>>>>>>>>>>>> TARGET(   USE='Y' 
                         REPORT='N' 
                         NAME='WidgBuy' 
                         ROLE='TARGET' 
                         LEVEL='BINARY' 
                         ORDER='' 
                         CREATOR='' 
                         FORMATTYPE='CATEGORY' 
                         FAMILY='' 
                         LOWERLIMIT=. 
                         UPPERLIMIT=. 
                         DISTRIBUTION='' 
                         COMMENT='' 
                         PRICE=. 
                         TYPE='C' 
                         LABEL='WidgBuy' 
                         FORMAT='$3.' 
                         INFORMAT='$3.' 
                         INDEX='N' 
                         INDEXTYPE='NONE' 
                         LENGTH=3 
                      )[14841] 
MPRINT(EM_DIAGRAM):   
MPRINT(HPDM_PERFORMANCE):  ;
PERFORMANCE  DETAILS
MPRINT(EM_DIAGRAM):  ;
MPRINT(EM_DIAGRAM):    *------------------------------------------------------------* ;
MPRINT(EM_DIAGRAM):   * EM: DMDBClass Macro ;
MPRINT(EM_DIAGRAM):   *------------------------------------------------------------* ;
MPRINT(EM_DIAGRAM):   *------------------------------------------------------------* ;
MPRINT(EM_DIAGRAM):   * EM: DMDBVar Macro ;
MPRINT(EM_DIAGRAM):   *------------------------------------------------------------* ;
MPRINT(EM_DIAGRAM):   *------------------------------------------------------------*;
MPRINT(EM_DIAGRAM):   * EM: Create DMDB;
MPRINT(EM_DIAGRAM):   *------------------------------------------------------------*;
MPRINT(EM_DIAGRAM):   proc dmdb batch data=EMWS1.FIMPORT_train dmdbcat=WORK.EM_DMDB maxlevel = 513 ;
MPRINT(EM_DIAGRAM):   class
MPRINT(DMDBCLASS):   WidgBuy(DESC)
MPRINT(EM_DIAGRAM):  ;
MPRINT(EM_DIAGRAM):   target WidgBuy ;
MPRINT(EM_DIAGRAM):   run;
MPRINT(EM_DIAGRAM):   quit;
MPRINT(EM_DIAGRAM):   *--- end code ---*;
WORK.EM_DMDB WORK.EM_DMDB 
WORK.EM_DMDB WORK.EM_DMDB WORK EM_DMDB 
MPRINT(EM_DIAGRAM):    proc datasets lib=EMWS1 nolist;
MPRINT(EM_DIAGRAM):   modify Neural_WidgBuy_DD(type=PROFIT label= WidgBuy);
MPRINT(EM_DIAGRAM):   run;
MPRINT(EM_DIAGRAM):   quit;
MPRINT(EM_DIAGRAM):    *------------------------------------------------------------*;
MPRINT(EM_DIAGRAM):   * Neural: Determine decision variables for WidgBuy;
MPRINT(EM_DIAGRAM):   *------------------------------------------------------------*;
MPRINT(EM_DIAGRAM):   data WORK.Neural_SCORE;
MPRINT(EM_DIAGRAM):   set EMWS1.FIMPORT_train;
MPRINT(EM_DIAGRAM):   keep WidgBuy;
MPRINT(EM_DIAGRAM):   keep 'P_WidgBuyYes'n;
MPRINT(EM_DIAGRAM):   'P_WidgBuyYes'n = 0.5;
MPRINT(EM_DIAGRAM):   keep 'P_WidgBuyNo'n;
MPRINT(EM_DIAGRAM):   'P_WidgBuyNo'n = 0.5;
MPRINT(EM_DIAGRAM):   if _N_=1 then do;
MPRINT(EM_DIAGRAM):   output;
MPRINT(EM_DIAGRAM):   stop;
MPRINT(EM_DIAGRAM):   end;
MPRINT(EM_DIAGRAM):   run;
MPRINT(EM_DIAGRAM):    data EMWS1.Neural_WidgBuy_DM;
MPRINT(EM_DIAGRAM):   set EMWS1.Neural_WidgBuy_DM;
MPRINT(EM_DIAGRAM):   where _TYPE_ ^in('FREQ', 'BESTPROFIT', 'COMPUTEDPROFIT', 'EXPECTEDPROFIT', 'BESTLOSS', 'COMPUTEDLOSS', 'EXPECTEDLOSS', 'ROI', 'INVESTMENTCOST', 'MODELDECISION');
MPRINT(EM_DIAGRAM):   run;
MPRINT(EM_DIAGRAM):    proc datasets lib=work nolist;
MPRINT(EM_DIAGRAM):   modify WidgBuy(type=PROFIT label= WidgBuy);
MPRINT(EM_DIAGRAM):   label DECISION1= 'YES';
MPRINT(EM_DIAGRAM):   label DECISION2= 'NO';
MPRINT(EM_DIAGRAM):   run;
MPRINT(EM_DIAGRAM):   quit;
MPRINT(EM_DIAGRAM):    data EMWS1.Neural_WidgBuy_DM;
MPRINT(EM_DIAGRAM):   set EMWS1.Neural_WidgBuy_DM end=eof;
MPRINT(EM_DIAGRAM):   output;
MPRINT(EM_DIAGRAM):   if eof then do;
MPRINT(EM_DIAGRAM):   end;
MPRINT(EM_DIAGRAM):   run;
21426      data WORK.Neural_EVENT(KEEP=VARIABLE LABEL LEVEL EVENT NUMLEVELS ORDER);
MPRINT(EM_DIAGRAM):    data WORK.Neural_EVENT(KEEP=VARIABLE LABEL LEVEL EVENT NUMLEVELS ORDER);
21427      length ORDER $20;
MPRINT(EM_DIAGRAM):   length ORDER $20;
21428      label VARIABLE = "%sysfunc(sasmsg(sashelp.dmine, rpt_target_vlabel,  NOQUOTE))" EVENT = "%sysfunc(sasmsg(sashelp.dmine, assmt_event_vlabel, NOQUOTE))" NUMLEVELS = "%sysfunc(sasmsg(sashelp.dmine, rpt_numcat_vlabel, NOQUOTE))" LEVEL =
21429         "%sysfunc(sasmsg(sashelp.dmine, meta_level_vlabel, NOQUOTE))" ORDER = "%sysfunc(sasmsg(sashelp.dmine, meta_order_vlabel, NOQUOTE))" LABEL = "%sysfunc(sasmsg(sashelp.dmine, meta_label_vlabel, NOQUOTE))";
MPRINT(EM_DIAGRAM):   label VARIABLE = "Target" EVENT = "Event" NUMLEVELS = "Number of Levels" LEVEL = "Measurement Level" ORDER = "Order" LABEL = "Label";
21430      set EMWS1.NEURAL_WIDGBUY_DM( where=(_TYPE_="TARGET"));
MPRINT(EM_DIAGRAM):   set EMWS1.NEURAL_WIDGBUY_DM( where=(_TYPE_="TARGET"));
21431      NumLevels=2;
MPRINT(EM_DIAGRAM):   NumLevels=2;
21432      select(upcase(ORDER));
MPRINT(EM_DIAGRAM):   select(upcase(ORDER));
21433      when('DESC') ORDER = 'Descending';
MPRINT(EM_DIAGRAM):   when('DESC') ORDER = 'Descending';
21434      when('ASC') ORDER = 'Ascending';
MPRINT(EM_DIAGRAM):   when('ASC') ORDER = 'Ascending';
21435      when('FMTDESC') ORDER = 'Formatted Descending';
MPRINT(EM_DIAGRAM):   when('FMTDESC') ORDER = 'Formatted Descending';
21436      when('FMTASC') ORDER = 'Formatted Ascending';
MPRINT(EM_DIAGRAM):   when('FMTASC') ORDER = 'Formatted Ascending';
21437      otherwise ORDER = 'Descending';
MPRINT(EM_DIAGRAM):   otherwise ORDER = 'Descending';
21438      end;
MPRINT(EM_DIAGRAM):   end;
21439      output;
MPRINT(EM_DIAGRAM):   output;
21440      run;
MPRINT(EM_DIAGRAM):   run;

NOTE: There were 1 observations read from the data set EMWS1.NEURAL_WIDGBUY_DM.
      WHERE _TYPE_='TARGET';
NOTE: The data set WORK.NEURAL_EVENT has 1 observations and 6 variables.
NOTE: DATA statement used (Total process time):
      real time           0.04 seconds
      cpu time            0.01 seconds
      

21441      title9 ' ';
MPRINT(EM_DIAGRAM):   title9 ' ';
21442      proc print data=WORK.Neural_EVENT noobs label;
MPRINT(EM_DIAGRAM):   proc print data=WORK.Neural_EVENT noobs label;
21443      var VARIABLE EVENT LEVEL NUMLEVELS ORDER LABEL;
MPRINT(EM_DIAGRAM):   var VARIABLE EVENT LEVEL NUMLEVELS ORDER LABEL;
21444      title9 ' ';
MPRINT(EM_DIAGRAM):   title9 ' ';
21445      title10 "%sysfunc(sasmsg(sashelp.dmine, rpt_modelEvent_title  , NOQUOTE))";
MPRINT(EM_DIAGRAM):   title10 "Model Events";
MPRINT(EM_DIAGRAM):   run;
21446      run;

NOTE: There were 1 observations read from the data set WORK.NEURAL_EVENT.
NOTE: The PROCEDURE PRINT printed page 2.
NOTE: PROCEDURE PRINT used (Total process time):
      real time           0.00 seconds
      cpu time            0.00 seconds
      

21447      title10;
MPRINT(EM_DIAGRAM):   title10;
"No decisions defined for target "WidgBuy"." 
21448      proc print data = EMWS1.Neural_WidgBuy_DM noobs label;
MPRINT(EM_DIAGRAM):    proc print data = EMWS1.Neural_WidgBuy_DM noobs label;
21449      var _type_ variable label;
MPRINT(EM_DIAGRAM):   var _type_ variable label;
21450      where _type_ ^in('MATRIX', 'DECISION', 'TRAINPRIOR', 'DATAPRIOR', 'DECPRIOR');
MPRINT(EM_DIAGRAM):   where _type_ ^in('MATRIX', 'DECISION', 'TRAINPRIOR', 'DATAPRIOR', 'DECPRIOR');
21451      label _TYPE_ = "%sysfunc(sasmsg(sashelp.dmine, rpt_type_vlabel,     NOQUOTE))" VARIABLE = "%sysfunc(sasmsg(sashelp.dmine, rpt_variable_vlabel, NOQUOTE))" LABEL = "%sysfunc(sasmsg(sashelp.dmine, meta_label_vlabel, NOQUOTE))";
MPRINT(EM_DIAGRAM):   label _TYPE_ = "Type" VARIABLE = "Variable" LABEL = "Label";
21452      title9 ' ';
MPRINT(EM_DIAGRAM):   title9 ' ';
21453      title10 "%sysfunc(sasmsg(sashelp.dmine, rpt_predDecVars_title  , NOQUOTE))";
MPRINT(EM_DIAGRAM):   title10 "Predicted and decision variables";
MPRINT(EM_DIAGRAM):   run;
21454      run;

NOTE: There were 7 observations read from the data set EMWS1.NEURAL_WIDGBUY_DM.
      WHERE _type_ not in ('DATAPRIOR', 'DECISION', 'DECPRIOR', 'MATRIX', 'TRAINPRIOR');
NOTE: The PROCEDURE PRINT printed page 3.
NOTE: PROCEDURE PRINT used (Total process time):
      real time           0.01 seconds
      cpu time            0.01 seconds
      

21455      title10;
MPRINT(EM_DIAGRAM):   title10;
MPRINT(EM_DIAGRAM):    *------------------------------------------------------------*;
MPRINT(EM_DIAGRAM):   * Neural: Preparing metadata for training;
MPRINT(EM_DIAGRAM):   ;
MPRINT(EM_DIAGRAM):   *------------------------------------------------------------*;
MPRINT(EM_DIAGRAM):   data WORK.M1JWAM4I;
MPRINT(EM_DIAGRAM):   set WORK.M1JWAM4I;
MPRINT(EM_DIAGRAM):   where(use = 'Y' or (role = 'INPUT' and use = 'D'));
MPRINT(EM_DIAGRAM):   if (role = 'REJECTED') then role = 'INPUT';
MPRINT(EM_DIAGRAM):   run;
21465      data WORK.M1JWAM4I;
MPRINT(EM_DIAGRAM):    data WORK.M1JWAM4I;
21466      set WORK.M1JWAM4I end=eof;
MPRINT(EM_DIAGRAM):   set WORK.M1JWAM4I end=eof;
21467      output;
MPRINT(EM_DIAGRAM):   output;
21468      if eof then do;
MPRINT(EM_DIAGRAM):   if eof then do;
21469      NAME="";
MPRINT(EM_DIAGRAM):   NAME="";
21470      ROLE="COST";
MPRINT(EM_DIAGRAM):   ROLE="COST";
21471      LEVEL="INTERVAL";
MPRINT(EM_DIAGRAM):   LEVEL="INTERVAL";
21472      TYPE="N";
MPRINT(EM_DIAGRAM):   TYPE="N";
21473      output;
MPRINT(EM_DIAGRAM):   output;
21474      end;
MPRINT(EM_DIAGRAM):   end;
21475      run;
MPRINT(EM_DIAGRAM):   run;

NOTE: There were 7 observations read from the data set WORK.M1JWAM4I.
NOTE: The data set WORK.M1JWAM4I has 8 observations and 21 variables.
NOTE: DATA statement used (Total process time):
      real time           0.01 seconds
      cpu time            0.01 seconds
      

NOTE: There were 2 observations read from the data set EMWS1.NEURAL_WIDGBUY_DD.
NOTE: The data set WORK.WIDGBUY has 2 observations and 7 variables.
NOTE: There were 2 observations read from the data set EMWS1.NEURAL_WIDGBUY_DD.
NOTE: The data set WORK.WIDGBUY has 2 observations and 7 variables.
21476      *------------------------------------------------------------*;
MPRINT(EM_DIAGRAM):    *------------------------------------------------------------*;
21477      * Neural: Create decision matrix;
MPRINT(EM_DIAGRAM):   * Neural: Create decision matrix;
21478      *------------------------------------------------------------*;
MPRINT(EM_DIAGRAM):   *------------------------------------------------------------*;
21479      data WORK.WidgBuy(label="WidgBuy");
MPRINT(EM_DIAGRAM):   data WORK.WidgBuy(label="WidgBuy");
21480        length   WidgBuy                          $  32
21481                 COUNT                                8
21482                 DATAPRIOR                            8
21483                 TRAINPRIOR                           8
21484                 DECPRIOR                             8
21485                 DECISION1                            8
21486                 DECISION2                            8
21487                 ;
MPRINT(EM_DIAGRAM):   length WidgBuy $ 32 COUNT 8 DATAPRIOR 8 TRAINPRIOR 8 DECPRIOR 8 DECISION1 8 DECISION2 8 ;
21488      
21489        label    COUNT="Level Counts"
21490                 DATAPRIOR="Data Proportions"
21491                 TRAINPRIOR="Training Proportions"
21492                 DECPRIOR="Decision Priors"
21493                 DECISION1="YES"
21494                 DECISION2="NO"
21495                 ;
MPRINT(EM_DIAGRAM):   label COUNT= "Level Counts" DATAPRIOR= "Data Proportions" TRAINPRIOR= "Training Proportions" DECPRIOR= "Decision Priors" DECISION1= "YES" DECISION2= "NO" ;
21496      WidgBuy="YES"; COUNT=11; DATAPRIOR=0.55; TRAINPRIOR=0.55; DECPRIOR=.; DECISION1=1; DECISION2=0;
MPRINT(EM_DIAGRAM):   WidgBuy="YES";
MPRINT(EM_DIAGRAM):   COUNT=11;
MPRINT(EM_DIAGRAM):   DATAPRIOR=0.55;
MPRINT(EM_DIAGRAM):   TRAINPRIOR=0.55;
MPRINT(EM_DIAGRAM):   DECPRIOR=.;
MPRINT(EM_DIAGRAM):   DECISION1=1;
MPRINT(EM_DIAGRAM):   DECISION2=0;
21497      output;
MPRINT(EM_DIAGRAM):   output;
21498      WidgBuy="NO"; COUNT=9; DATAPRIOR=0.45; TRAINPRIOR=0.45; DECPRIOR=.; DECISION1=0; DECISION2=1;
MPRINT(EM_DIAGRAM):   WidgBuy="NO";
MPRINT(EM_DIAGRAM):   COUNT=9;
MPRINT(EM_DIAGRAM):   DATAPRIOR=0.45;
MPRINT(EM_DIAGRAM):   TRAINPRIOR=0.45;
MPRINT(EM_DIAGRAM):   DECPRIOR=.;
MPRINT(EM_DIAGRAM):   DECISION1=0;
MPRINT(EM_DIAGRAM):   DECISION2=1;
21499      output;
MPRINT(EM_DIAGRAM):   output;
21500      ;
MPRINT(EM_DIAGRAM):   ;
21501      run;
MPRINT(EM_DIAGRAM):   run;

NOTE: The data set WORK.WIDGBUY has 2 observations and 7 variables.
NOTE: DATA statement used (Total process time):
      real time           0.01 seconds
      cpu time            0.00 seconds
      

21502      proc datasets lib=work nolist;
MPRINT(EM_DIAGRAM):   proc datasets lib=work nolist;
21503      modify WidgBuy(type=PROFIT label=WidgBuy);
MPRINT(EM_DIAGRAM):   modify WidgBuy(type=PROFIT label= WidgBuy);
MPRINT(EM_DIAGRAM):   label DECISION1= 'YES';
MPRINT(EM_DIAGRAM):   label DECISION2= 'NO';
MPRINT(EM_DIAGRAM):   run;
21504      label DECISION1= 'YES';
21505      label DECISION2= 'NO';
21506      run;

NOTE: MODIFY was successful for WORK.WIDGBUY.DATA.
21507      quit;
MPRINT(EM_DIAGRAM):   quit;

NOTE: PROCEDURE DATASETS used (Total process time):
      real time           0.03 seconds
      cpu time            0.01 seconds
      

21508      data EM_Neural;
MPRINT(EM_DIAGRAM):   data EM_Neural;
21509      set EMWS1.FIMPORT_train(keep=
21510      Age Income Residence WidgBuy X2 X4 X5 );
MPRINT(EM_DIAGRAM):   set EMWS1.FIMPORT_train(keep= Age Income Residence WidgBuy X2 X4 X5 );
21511      run;
MPRINT(EM_DIAGRAM):   run;

NOTE: View EMWS1.FIMPORT_TRAIN.VIEW used (Total process time):
      real time           0.04 seconds
      cpu time            0.04 seconds
      
NOTE: There were 20 observations read from the data set EMWS1.FIMPORT_DATA.
NOTE: There were 20 observations read from the data set EMWS1.FIMPORT_TRAIN.
NOTE: The data set WORK.EM_NEURAL has 20 observations and 7 variables.
NOTE: DATA statement used (Total process time):
      real time           0.07 seconds
      cpu time            0.07 seconds
      

MPRINT(EM_DIAGRAM):   *------------------------------------------------------------* ;
MPRINT(EM_DIAGRAM):   * Neural: DMDBClass Macro ;
MPRINT(EM_DIAGRAM):   *------------------------------------------------------------* ;
21512      *------------------------------------------------------------* ;
21513      * Neural: DMDBClass Macro ;
21514      *------------------------------------------------------------* ;
21515      %macro DMDBClass;
21516          Income(ASC) Residence(ASC) WidgBuy(DESC)
21517      %mend DMDBClass;
21518      *------------------------------------------------------------* ;
MPRINT(EM_DIAGRAM):   *------------------------------------------------------------* ;
21519      * Neural: DMDBVar Macro ;
MPRINT(EM_DIAGRAM):   * Neural: DMDBVar Macro ;
21520      *------------------------------------------------------------* ;
MPRINT(EM_DIAGRAM):   *------------------------------------------------------------* ;
21521      %macro DMDBVar;
21522          Age X2 X4 X5
21523      %mend DMDBVar;
21524      *------------------------------------------------------------*;
MPRINT(EM_DIAGRAM):   *------------------------------------------------------------*;
21525      * Neural: Create DMDB;
MPRINT(EM_DIAGRAM):   * Neural: Create DMDB;
21526      *------------------------------------------------------------*;
MPRINT(EM_DIAGRAM):   *------------------------------------------------------------*;
21527      proc dmdb batch data=WORK.EM_Neural
21528      dmdbcat=WORK.Neural_DMDB
21529      maxlevel = 513
21530      ;
MPRINT(EM_DIAGRAM):   proc dmdb batch data=WORK.EM_Neural dmdbcat=WORK.Neural_DMDB maxlevel = 513 ;
MPRINT(EM_DIAGRAM):   class
21531      class %DMDBClass;
MPRINT(DMDBCLASS):   Income(ASC) Residence(ASC) WidgBuy(DESC)
MPRINT(EM_DIAGRAM):  ;
MPRINT(EM_DIAGRAM):   var
21532      var %DMDBVar;
MPRINT(DMDBVAR):   Age X2 X4 X5
MPRINT(EM_DIAGRAM):  ;
21533      target
21534      WidgBuy
21535      ;
MPRINT(EM_DIAGRAM):   target WidgBuy ;
21536      run;
MPRINT(EM_DIAGRAM):   run;

NOTE: Records processed = 20   Memory used = 511K.
NOTE: There were 20 observations read from the data set WORK.EM_NEURAL.
NOTE: PROCEDURE DMDB used (Total process time):
      real time           0.03 seconds
      cpu time            0.00 seconds
      

MPRINT(EM_DIAGRAM):   quit;
MPRINT(EM_DIAGRAM):   *--- end code ---*;
21537      quit;
21538      *--- end code ---*;

21539      *------------------------------------------------------------* ;
MPRINT(EM_DIAGRAM):    *------------------------------------------------------------* ;
21540      * Neural: Interval Input Variables Macro ;
MPRINT(EM_DIAGRAM):   * Neural: Interval Input Variables Macro ;
21541      *------------------------------------------------------------* ;
MPRINT(EM_DIAGRAM):   *------------------------------------------------------------* ;
21542      %macro INTINPUTS;
21543          Age X2 X4 X5
21544      %mend INTINPUTS;
21545      *------------------------------------------------------------* ;
MPRINT(EM_DIAGRAM):   *------------------------------------------------------------* ;
21546      * Neural: Binary Inputs Macro ;
MPRINT(EM_DIAGRAM):   * Neural: Binary Inputs Macro ;
21547      *------------------------------------------------------------* ;
MPRINT(EM_DIAGRAM):   *------------------------------------------------------------* ;
21548      %macro BININPUTS;
21549      
21550      %mend BININPUTS;
21551      *------------------------------------------------------------* ;
MPRINT(EM_DIAGRAM):   *------------------------------------------------------------* ;
21552      * Neural: Nominal Inputs Macro ;
MPRINT(EM_DIAGRAM):   * Neural: Nominal Inputs Macro ;
21553      *------------------------------------------------------------* ;
MPRINT(EM_DIAGRAM):   *------------------------------------------------------------* ;
21554      %macro NOMINPUTS;
21555          Income Residence
21556      %mend NOMINPUTS;
21557      *------------------------------------------------------------* ;
MPRINT(EM_DIAGRAM):   *------------------------------------------------------------* ;
21558      * Neural: Ordinal Inputs Macro ;
MPRINT(EM_DIAGRAM):   * Neural: Ordinal Inputs Macro ;
21559      *------------------------------------------------------------* ;
MPRINT(EM_DIAGRAM):   *------------------------------------------------------------* ;
21560      %macro ORDINPUTS;
21561      
21562      %mend ORDINPUTS;
21563      *------------------------------------------------------------*;
MPRINT(EM_DIAGRAM):   *------------------------------------------------------------*;
21564      * Neural Network Training;
MPRINT(EM_DIAGRAM):   * Neural Network Training;
21565      ;
MPRINT(EM_DIAGRAM):   ;
21566      *------------------------------------------------------------*;
MPRINT(EM_DIAGRAM):   *------------------------------------------------------------*;
21567      proc neural data=EM_Neural dmdbcat=WORK.Neural_DMDB
21568      random=12345
21569      ;
MPRINT(EM_DIAGRAM):   proc neural data=EM_Neural dmdbcat=WORK.Neural_DMDB random=12345 ;
21570      nloptions
21571      ;
MPRINT(EM_DIAGRAM):   nloptions ;
21572      performance alldetails noutilfile;
MPRINT(EM_DIAGRAM):   performance alldetails noutilfile;
21573      netopts
21574      decay=0;
MPRINT(EM_DIAGRAM):   netopts decay=0;
MPRINT(EM_DIAGRAM):   input
21575      input %INTINPUTS / level=interval id=intvl
MPRINT(INTINPUTS):   Age X2 X4 X5
21576      ;
MPRINT(EM_DIAGRAM):   / level=interval id=intvl ;
MPRINT(EM_DIAGRAM):   input
21577      input %NOMINPUTS / level=nominal id=nom
MPRINT(NOMINPUTS):   Income Residence
21578      ;
MPRINT(EM_DIAGRAM):   / level=nominal id=nom ;
21579      target WidgBuy / level=NOMINAL id=WidgBuy
21580      bias
21581      ;
MPRINT(EM_DIAGRAM):   target WidgBuy / level=NOMINAL id=WidgBuy bias ;
21582      arch MLP
21583      Hidden=1
21584      ;
MPRINT(EM_DIAGRAM):   arch MLP Hidden=1 ;
21585      Prelim 5 preiter=10
21586      pretime=3600
21587      Outest=EMWS1.Neural_PRELIM_OUTEST
21588      ;
MPRINT(EM_DIAGRAM):   Prelim 5 preiter=10 pretime=3600 Outest=EMWS1.Neural_PRELIM_OUTEST ;
NOTE:  Synchronizing the objectives and the Solution.
NOTE: Convergence criterion (ABSCONV=0.0013963447) satisfied.
NOTE: Convergence criterion (ABSCONV=0.0013963447) satisfied.
NOTE: Convergence criterion (ABSCONV=0.0013963447) satisfied.
NOTE: Convergence criterion (ABSCONV=0.0013963447) satisfied.
NOTE: Convergence criterion (ABSCONV=0.0013963447) satisfied.
NOTE: At least one element of the gradient is greater than 1e-3.
NOTE: The data set EMWS1.NEURAL_PRELIM_OUTEST has 11 observations and 21 variables.
21589      save network=EMWS1.Neural_NETWORK.dm_neural;
MPRINT(EM_DIAGRAM):   save network=EMWS1.Neural_NETWORK.dm_neural;
NOTE: Creating a new Catalogue with entry EMWS1.NEURAL_NETWORK.DM_NEURAL.
NOTE: Entry EMWS1.NEURAL_NETWORK.DM_NEURAL has been opened.
NOTE: Entry EMWS1.NEURAL_NETWORK.DM_NEURAL has been closed.
21590      train Maxiter=50
21591      maxtime=14400
21592      Outest=EMWS1.Neural_outest estiter=1
21593      Outfit=EMWS1.Neural_OUTFIT
21594      ;
MPRINT(EM_DIAGRAM):   train Maxiter=50 maxtime=14400 Outest=EMWS1.Neural_outest estiter=1 Outfit=EMWS1.Neural_OUTFIT ;
NOTE: Convergence criterion (ABSCONV=0.0013963447) satisfied.
NOTE: The data set EMWS1.NEURAL_OUTEST has 13 observations and 21 variables.
NOTE: The data set EMWS1.NEURAL_OUTFIT has 4 observations and 23 variables.
21595      run;
MPRINT(EM_DIAGRAM):   run;

NOTE: The data set WORK.EM_NEURAL has 20 observations and 7 variables.
NOTE: Closing the Neural Application.
NOTE: The PROCEDURE NEURAL printed pages 4-7.
NOTE: PROCEDURE NEURAL used (Total process time):
      real time           0.53 seconds
      cpu time            0.10 seconds
      

MPRINT(EM_DIAGRAM):   quit;
21596      quit;

21597      proc sort data=EMWS1.Neural_OUTFIT(where=(_iter_ ne . and _NAME_="OVERALL")) out=fit_Neural;
MPRINT(EM_DIAGRAM):    proc sort data=EMWS1.Neural_OUTFIT(where=(_iter_ ne . and _NAME_="OVERALL")) out=fit_Neural;
21598      by _AVERR_;
MPRINT(EM_DIAGRAM):   by _AVERR_;
21599      run;
MPRINT(EM_DIAGRAM):   run;

NOTE: There were 2 observations read from the data set EMWS1.NEURAL_OUTFIT.
      WHERE (_iter_ not = .) and (_NAME_='OVERALL');
NOTE: The data set WORK.FIT_NEURAL has 2 observations and 23 variables.
NOTE: PROCEDURE SORT used (Total process time):
      real time           0.03 seconds
      cpu time            0.01 seconds
      

21600      %GLOBAL ITER;
21601      data _null_;
MPRINT(EM_DIAGRAM):   data _null_;
21602      set fit_Neural(obs=1);
MPRINT(EM_DIAGRAM):   set fit_Neural(obs=1);
21603      call symput('ITER',put(_ITER_, 6.));
MPRINT(EM_DIAGRAM):   call symput('ITER',put(_ITER_, 6.));
21604      run;
MPRINT(EM_DIAGRAM):   run;

NOTE: There were 1 observations read from the data set WORK.FIT_NEURAL.
NOTE: DATA statement used (Total process time):
      real time           0.00 seconds
      cpu time            0.00 seconds
      

21605      data EMWS1.Neural_INITIAL;
MPRINT(EM_DIAGRAM):   data EMWS1.Neural_INITIAL;
21606      set EMWS1.Neural_outest(where=(_ITER_ eq &ITER and _OBJ_ ne .));
MPRINT(EM_DIAGRAM):   set EMWS1.Neural_outest(where=(_ITER_ eq 0 and _OBJ_ ne .));
21607      run;
MPRINT(EM_DIAGRAM):   run;

NOTE: There were 2 observations read from the data set EMWS1.NEURAL_OUTEST.
      WHERE (_ITER_=0) and (_OBJ_ not = .);
NOTE: The data set EMWS1.NEURAL_INITIAL has 2 observations and 21 variables.
NOTE: DATA statement used (Total process time):
      real time           0.14 seconds
      cpu time            0.01 seconds
      

21608      *------------------------------------------------------------*;
MPRINT(EM_DIAGRAM):    *------------------------------------------------------------*;
21609      * Neural Network Model Selection;
MPRINT(EM_DIAGRAM):   * Neural Network Model Selection;
21610      ;
MPRINT(EM_DIAGRAM):   ;
21611      *------------------------------------------------------------*;
MPRINT(EM_DIAGRAM):   *------------------------------------------------------------*;
21612      proc neural data=EM_Neural dmdbcat=WORK.Neural_DMDB
21613      network = EMWS1.Neural_NETWORK.dm_neural
21614      random=12345
21615      ;
MPRINT(EM_DIAGRAM):   proc neural data=EM_Neural dmdbcat=WORK.Neural_DMDB network = EMWS1.Neural_NETWORK.dm_neural random=12345 ;
NOTE: Entry EMWS1.NEURAL_NETWORK.DM_NEURAL has been opened.
NOTE: Entry EMWS1.NEURAL_NETWORK.DM_NEURAL has been closed.
21616      nloptions noprint;
MPRINT(EM_DIAGRAM):   nloptions noprint;
21617      performance alldetails noutilfile;
MPRINT(EM_DIAGRAM):   performance alldetails noutilfile;
21618      initial inest=EMWS1.Neural_INITIAL;
MPRINT(EM_DIAGRAM):   initial inest=EMWS1.Neural_INITIAL;
NOTE: The data set EMWS1.NEURAL_INITIAL has 2 observations and 21 variables.
21619      train tech=NONE;
MPRINT(EM_DIAGRAM):   train tech=NONE;
NOTE: No optimization performed.
21620      code file="J:\JMMORR01\CIS 445\Project 2\CIS 445 Project 2\Workspaces\EMWS1\Neural\SCORECODE.sas"
21621      group=Neural
21622      ;
MPRINT(EM_DIAGRAM):   code file="J:\JMMORR01\CIS 445\Project 2\CIS 445 Project 2\Workspaces\EMWS1\Neural\SCORECODE.sas" group=Neural ;
NOTE: External file J:\JMMORR01\CIS 445\Project 2\CIS 445 Project 2\Workspaces\EMWS1\Neural\SCORECODE.sas opened.
21623      ;
MPRINT(EM_DIAGRAM):   ;
21624      code file="J:\JMMORR01\CIS 445\Project 2\CIS 445 Project 2\Workspaces\EMWS1\Neural\RESIDUALSCORECODE.sas"
21625      group=Neural
21626      residual
21627      ;
MPRINT(EM_DIAGRAM):   code file="J:\JMMORR01\CIS 445\Project 2\CIS 445 Project 2\Workspaces\EMWS1\Neural\RESIDUALSCORECODE.sas" group=Neural residual ;
NOTE: External file J:\JMMORR01\CIS 445\Project 2\CIS 445 Project 2\Workspaces\EMWS1\Neural\RESIDUALSCORECODE.sas opened.
21628      ;
MPRINT(EM_DIAGRAM):   ;
21629      score data=EMWS1.FIMPORT_train out=_NULL_
NOTE: View EMWS1.FIMPORT_TRAIN.VIEW used (Total process time):
      real time           0.12 seconds
      cpu time            0.03 seconds
      
21630      outfit=WORK.FIT1
21631      role=TRAIN
21632      outkey=EMWS1.Neural_OUTKEY;
MPRINT(EM_DIAGRAM):   score data=EMWS1.FIMPORT_train out=_NULL_ outfit=WORK.FIT1 role=TRAIN outkey=EMWS1.Neural_OUTKEY;
NOTE: The data set EMWS1.NEURAL_OUTKEY has 20 observations and 8 variables.
NOTE: The data set EMWS1.FIMPORT_TRAIN has . observations and 7 variables.
NOTE: There were 20 observations read from the data set EMWS1.FIMPORT_DATA.
NOTE: The data set WORK.FIT1 has 2 observations and 23 variables.
21633      run;
MPRINT(EM_DIAGRAM):   run;

NOTE: The data set WORK.EM_NEURAL has 20 observations and 7 variables.
NOTE: Closing the Neural Application.
NOTE: PROCEDURE NEURAL used (Total process time):
      real time           0.32 seconds
      cpu time            0.06 seconds
      

MPRINT(EM_DIAGRAM):   quit;
21634      quit;
21635      data EMWS1.Neural_OUTFIT;
MPRINT(EM_DIAGRAM):   data EMWS1.Neural_OUTFIT;
21636      merge WORK.FIT1;
MPRINT(EM_DIAGRAM):   merge WORK.FIT1;
21637      run;
MPRINT(EM_DIAGRAM):   run;

NOTE: There were 2 observations read from the data set WORK.FIT1.
NOTE: The data set EMWS1.NEURAL_OUTFIT has 2 observations and 23 variables.
NOTE: DATA statement used (Total process time):
      real time           0.09 seconds
      cpu time            0.01 seconds
      

21638      data EMWS1.Neural_EMESTIMATE;
MPRINT(EM_DIAGRAM):   data EMWS1.Neural_EMESTIMATE;
21639      set EMWS1.Neural_outest;
MPRINT(EM_DIAGRAM):   set EMWS1.Neural_outest;
21640      if _type_ ^in('HESSIAN' 'GRAD');
MPRINT(EM_DIAGRAM):   if _type_ ^in('HESSIAN' 'GRAD');
21641      run;
MPRINT(EM_DIAGRAM):   run;

NOTE: There were 13 observations read from the data set EMWS1.NEURAL_OUTEST.
NOTE: The data set EMWS1.NEURAL_EMESTIMATE has 2 observations and 21 variables.
NOTE: DATA statement used (Total process time):
      real time           0.09 seconds
      cpu time            0.03 seconds
      

21642      proc datasets lib=work nolist;
MPRINT(EM_DIAGRAM):   proc datasets lib=work nolist;
21643      delete EM_Neural;
MPRINT(EM_DIAGRAM):   delete EM_Neural;
21644      run;
MPRINT(EM_DIAGRAM):   run;

NOTE: Deleting WORK.EM_NEURAL (memtype=DATA).
21645      quit;
MPRINT(EM_DIAGRAM):   quit;

NOTE: PROCEDURE DATASETS used (Total process time):
      real time           0.03 seconds
      cpu time            0.01 seconds
      

21646      data EMWS1.Neural_PLOTDS(where=(_iter_ ne . and _NAME_="OVERALL"));
MPRINT(EM_DIAGRAM):    data EMWS1.Neural_PLOTDS(where=(_iter_ ne . and _NAME_="OVERALL"));
21647      set fit_Neural;
MPRINT(EM_DIAGRAM):   set fit_Neural;
21648      attrib _ITER_ label="%sysfunc(sasmsg(sashelp.dmine, rpt_trainiterations_vlabel  , NOQUOTE))";
MPRINT(EM_DIAGRAM):   attrib _ITER_ label="Training Iterations";
21649      attrib _NAME_ label="%sysfunc(sasmsg(sashelp.dmine, rpt_varsel_label_name  , NOQUOTE))";
MPRINT(EM_DIAGRAM):   attrib _NAME_ label="Name";
21650      run;
MPRINT(EM_DIAGRAM):   run;

NOTE: There were 2 observations read from the data set WORK.FIT_NEURAL.
NOTE: The data set EMWS1.NEURAL_PLOTDS has 2 observations and 23 variables.
NOTE: DATA statement used (Total process time):
      real time           0.09 seconds
      cpu time            0.03 seconds
      

21651      proc sort data=EMWS1.Neural_PLOTDS;
MPRINT(EM_DIAGRAM):   proc sort data=EMWS1.Neural_PLOTDS;
21652      by _ITER_;
MPRINT(EM_DIAGRAM):   by _ITER_;
21653      run;
MPRINT(EM_DIAGRAM):   run;

NOTE: There were 2 observations read from the data set EMWS1.NEURAL_PLOTDS.
NOTE: The data set EMWS1.NEURAL_PLOTDS has 2 observations and 23 variables.
NOTE: PROCEDURE SORT used (Total process time):
      real time           0.15 seconds
      cpu time            0.04 seconds
      

21654      data tempweight (drop= _tech_ _decay_ _seed_ _nobj_ _obj_ _objerr_ _averr_ _p_num_ where=(_type_ eq "PARMS" and _iter_ eq 0) );
MPRINT(EM_DIAGRAM):    data tempweight (drop= _tech_ _decay_ _seed_ _nobj_ _obj_ _objerr_ _averr_ _p_num_ where=(_type_ eq "PARMS" and _iter_ eq 0) );
21655      set EMWS1.Neural_EMESTIMATE;
MPRINT(EM_DIAGRAM):   set EMWS1.Neural_EMESTIMATE;
21656      run;
MPRINT(EM_DIAGRAM):   run;

NOTE: There were 2 observations read from the data set EMWS1.NEURAL_EMESTIMATE.
NOTE: The data set WORK.TEMPWEIGHT has 2 observations and 13 variables.
NOTE: DATA statement used (Total process time):
      real time           0.03 seconds
      cpu time            0.01 seconds
      

21657      proc sort;
MPRINT(EM_DIAGRAM):   proc sort;
21658      by _name_;
MPRINT(EM_DIAGRAM):   by _name_;
21659      run;
MPRINT(EM_DIAGRAM):   run;

NOTE: There were 2 observations read from the data set WORK.TEMPWEIGHT.
NOTE: The data set WORK.TEMPWEIGHT has 2 observations and 13 variables.
NOTE: PROCEDURE SORT used (Total process time):
      real time           0.01 seconds
      cpu time            0.01 seconds
      

21660      proc transpose data=tempweight out=EMWS1.Neural_WEIGHTDS;
MPRINT(EM_DIAGRAM):   proc transpose data=tempweight out=EMWS1.Neural_WEIGHTDS;
21661      by _name_;
MPRINT(EM_DIAGRAM):   by _name_;
21662      run;
MPRINT(EM_DIAGRAM):   run;

NOTE: There were 2 observations read from the data set WORK.TEMPWEIGHT.
NOTE: The data set EMWS1.NEURAL_WEIGHTDS has 22 observations and 3 variables.
NOTE: PROCEDURE TRANSPOSE used (Total process time):
      real time           0.14 seconds
      cpu time            0.03 seconds
      

21663      data EMWS1.Neural_WEIGHTDS;
MPRINT(EM_DIAGRAM):   data EMWS1.Neural_WEIGHTDS;
21664      set EMWS1.Neural_WEIGHTDS;
MPRINT(EM_DIAGRAM):   set EMWS1.Neural_WEIGHTDS;
21665      FROM = trim(left(scan(_LABEL_, 1, '->')));
MPRINT(EM_DIAGRAM):   FROM = trim(left(scan(_LABEL_, 1, '->')));
21666      TO = trim(left(scan(_LABEL_, 2, '>')));
MPRINT(EM_DIAGRAM):   TO = trim(left(scan(_LABEL_, 2, '>')));
21667      WEIGHT = COL1;
MPRINT(EM_DIAGRAM):   WEIGHT = COL1;
21668      if (TO eq '') or (FROM eq '') then delete;
MPRINT(EM_DIAGRAM):   if (TO eq '') or (FROM eq '') then delete;
21669      label _LABEL_ ="%sysfunc(sasmsg(sashelp.dmine, meta_label_vlabel  , NOQUOTE))" FROM = "%sysfunc(sasmsg(sashelp.dmine, rpt_from_vlabel  , NOQUOTE))" TO = "%sysfunc(sasmsg(sashelp.dmine, rpt_into_vlabel  , NOQUOTE))" WEIGHT =
21670         "%sysfunc(sasmsg(sashelp.dmine, rpt_weight_vlabel  , NOQUOTE))";
MPRINT(EM_DIAGRAM):   label _LABEL_ = "Label" FROM = "From" TO = "Into" WEIGHT = "Weight";
21671      keep FROM TO WEIGHT _LABEL_;
MPRINT(EM_DIAGRAM):   keep FROM TO WEIGHT _LABEL_;
21672      run;
MPRINT(EM_DIAGRAM):   run;

NOTE: There were 22 observations read from the data set EMWS1.NEURAL_WEIGHTDS.
NOTE: The data set EMWS1.NEURAL_WEIGHTDS has 20 observations and 4 variables.
NOTE: DATA statement used (Total process time):
      real time           0.14 seconds
      cpu time            0.04 seconds
      

21673      proc sort data=EMWS1.Neural_WEIGHTDS nodupkey;
MPRINT(EM_DIAGRAM):   proc sort data=EMWS1.Neural_WEIGHTDS nodupkey;
21674      by _LABEL_;
MPRINT(EM_DIAGRAM):   by _LABEL_;
21675      run;
MPRINT(EM_DIAGRAM):   run;

NOTE: There were 20 observations read from the data set EMWS1.NEURAL_WEIGHTDS.
NOTE: 10 observations with duplicate key values were deleted.
NOTE: The data set EMWS1.NEURAL_WEIGHTDS has 10 observations and 4 variables.
NOTE: PROCEDURE SORT used (Total process time):
      real time           0.15 seconds
      cpu time            0.03 seconds
      

MPRINT(EM_DIAGRAM):    proc printto;
MPRINT(EM_DIAGRAM):   run;
