MPRINT(EM_DIAGRAM):    data _null_;
MPRINT(EM_DIAGRAM):   call symput('NLDATE', strip(put(date(), NLDATE.)));
MPRINT(EM_DIAGRAM):   call symput('NLTIME', strip(put(datetime(), NLTIME.)));
MPRINT(EM_DIAGRAM):   run;
MPRINT(EM_DIAGRAM):   data _null_;
MPRINT(EM_DIAGRAM):   nldate= sasmsg("sashelp.dmine", "log_date_note", 'N', "October 29, 2018" );
MPRINT(EM_DIAGRAM):   nltime= sasmsg("sashelp.dmine", "log_time_note", 'N', "11:38:18" );
MPRINT(EM_DIAGRAM):   put "*------------------------------------------------------------*";
MPRINT(EM_DIAGRAM):   put "* Training Log";
MPRINT(EM_DIAGRAM):   put nldate;
MPRINT(EM_DIAGRAM):   put nltime;
MPRINT(EM_DIAGRAM):   put "*------------------------------------------------------------*";
MPRINT(EM_DIAGRAM):   run;
*------------------------------------------------------------*
* Training Log
Date:                October 29, 2018
Time:                11:38:18
*------------------------------------------------------------*
MPRINT(EM_DIAGRAM):    filename O0VQ082G "J:\JMMORR01\CIS 445\Project 2\CIS 445 Project 2\Workspaces\EMWS1\Reg\EMTRAIN.out" encoding="UTF-8" NOBOM;
MPRINT(EM_DIAGRAM):   proc printto print=O0VQ082G new;
MPRINT(EM_DIAGRAM):   run;
MPRINT(EM_DIAGRAM):    filename _LOG "J:\JMMORR01\CIS 445\Project 2\CIS 445 Project 2\Workspaces\EMWS1\Reg\EMLOG.log" encoding="UTF-8" NOBOM;
MPRINT(EM_DIAGRAM):    data _null_;
MPRINT(EM_DIAGRAM):   call symput('NLDATE', strip(put(date(), NLDATE.)));
MPRINT(EM_DIAGRAM):   call symput('NLTIME', strip(put(datetime(), NLTIME.)));
MPRINT(EM_DIAGRAM):   run;
MPRINT(EM_DIAGRAM):   data _null_;
MPRINT(EM_DIAGRAM):   nldate= sasmsg("sashelp.dmine", "log_date_note", 'N', "October 29, 2018" );
MPRINT(EM_DIAGRAM):   nltime= sasmsg("sashelp.dmine", "log_time_note", 'N', "11:38:19" );
MPRINT(EM_DIAGRAM):   file _LOG;
MPRINT(EM_DIAGRAM):   put "*------------------------------------------------------------*";
MPRINT(EM_DIAGRAM):   put "User:                jmmorr01";
MPRINT(EM_DIAGRAM):   put nldate;
MPRINT(EM_DIAGRAM):   put nltime;
MPRINT(EM_DIAGRAM):   put "Site:                70080761";
MPRINT(EM_DIAGRAM):   put "Platform:            X64_8PRO";
MPRINT(EM_DIAGRAM):   put "Maintenance Release: 9.04.01M3P062415";
MPRINT(EM_DIAGRAM):   put "EM Version:          14.1";
MPRINT(EM_DIAGRAM):   put "* ";
MPRINT(EM_DIAGRAM):   run;
MPRINT(EM_DIAGRAM):    filename _LOGIN "J:\JMMORR01\CIS 445\Project 2\CIS 445 Project 2\Workspaces\EMWS1\Reg\EMTRAIN.log" encoding="UTF-8" NOBOM;
MPRINT(EM_COPYFILE):   data _null_;
MPRINT(EM_COPYFILE):   length line $20000;
MPRINT(EM_COPYFILE):   file _LOG MOD lrecl=20000;
MPRINT(EM_COPYFILE):   fid=fopen("_LOGIN",'i',20000,'v');
MPRINT(EM_COPYFILE):   if fid > 0 then do;
MPRINT(EM_COPYFILE):   do while(^fread(fid));
MPRINT(EM_COPYFILE):   rlen = frlen(fid);
MPRINT(EM_COPYFILE):   rc= fget(fid,line,20000);
MPRINT(EM_COPYFILE):   start = length(line)-length(left(line))+1;
MPRINT(EM_COPYFILE):   line=strip(line);
MPRINT(EM_COPYFILE):   put @start line;
MPRINT(EM_COPYFILE):   end;
MPRINT(EM_COPYFILE):   if fid > 0 then rc=fclose(fid);
MPRINT(EM_COPYFILE):   end;
MPRINT(EM_COPYFILE):   run;
MPRINT(EM_DIAGRAM):  ;
MPRINT(EM_DIAGRAM):   filename _LOGIN;
MPRINT(EM_DIAGRAM):    data _null_;
MPRINT(EM_DIAGRAM):   file _LOG mod;
MPRINT(EM_DIAGRAM):   put _page_;
MPRINT(EM_DIAGRAM):   run;
MPRINT(EM_DIAGRAM):   filename _LOGIN "J:\JMMORR01\CIS 445\Project 2\CIS 445 Project 2\Workspaces\EMWS1\Reg\EMSCORE.log" encoding="UTF-8" NOBOM;
MPRINT(EM_DIAGRAM):  ;
MPRINT(EM_DIAGRAM):   data _null_;
MPRINT(EM_DIAGRAM):   file _LOG mod;
MPRINT(EM_DIAGRAM):   put _page_;
MPRINT(EM_DIAGRAM):   run;
MPRINT(EM_DIAGRAM):    filename _LOGIN "J:\JMMORR01\CIS 445\Project 2\CIS 445 Project 2\Workspaces\EMWS1\Reg\EMREPORT.log" encoding="UTF-8" NOBOM;
MPRINT(EM_DIAGRAM):  ;
MPRINT(EM_DIAGRAM):   filename _LOGIN;
MPRINT(EM_DIAGRAM):    filename _LOG;
MPRINT(EM_DIAGRAM):    filename _OUT "J:\JMMORR01\CIS 445\Project 2\CIS 445 Project 2\Workspaces\EMWS1\Reg\EMOUTPUT.out" encoding="UTF-8" NOBOM;
MPRINT(EM_DIAGRAM):    data _null_;
MPRINT(EM_DIAGRAM):   call symput('NLDATE', strip(put(date(), NLDATE.)));
MPRINT(EM_DIAGRAM):   call symput('NLTIME', strip(put(datetime(), NLTIME.)));
MPRINT(EM_DIAGRAM):   run;
MPRINT(EM_DIAGRAM):   data _null_;
MPRINT(EM_DIAGRAM):   nldate= sasmsg("sashelp.dmine", "log_date_note", 'N', "October 29, 2018" );
MPRINT(EM_DIAGRAM):   nltime= sasmsg("sashelp.dmine", "log_time_note", 'N', "11:38:19" );
MPRINT(EM_DIAGRAM):   file _OUT;
MPRINT(EM_DIAGRAM):   put "*------------------------------------------------------------*";
MPRINT(EM_DIAGRAM):   put "User:                jmmorr01";
MPRINT(EM_DIAGRAM):   put nldate;
MPRINT(EM_DIAGRAM):   put nltime;
MPRINT(EM_DIAGRAM):   put "*------------------------------------------------------------*";
MPRINT(EM_DIAGRAM):   put "* Training Output";
MPRINT(EM_DIAGRAM):   put "*------------------------------------------------------------*";
MPRINT(EM_DIAGRAM):   run;
MPRINT(EM_DIAGRAM):    filename _OUTIN "J:\JMMORR01\CIS 445\Project 2\CIS 445 Project 2\Workspaces\EMWS1\Reg\EMTRAIN.out" encoding="UTF-8" NOBOM;
MPRINT(EM_DIAGRAM):   ;
MPRINT(EM_COPYFILE):   data _null_;
MPRINT(EM_COPYFILE):   length line $20000;
MPRINT(EM_COPYFILE):   file _OUT MOD lrecl=20000;
MPRINT(EM_COPYFILE):   fid=fopen("_OUTIN",'i',20000,'v');
MPRINT(EM_COPYFILE):   if fid > 0 then do;
MPRINT(EM_COPYFILE):   do while(^fread(fid));
MPRINT(EM_COPYFILE):   rlen = frlen(fid);
MPRINT(EM_COPYFILE):   rc= fget(fid,line,20000);
MPRINT(EM_COPYFILE):   start = length(line)-length(left(line))+1;
MPRINT(EM_COPYFILE):   line=strip(line);
MPRINT(EM_COPYFILE):   put @start line;
MPRINT(EM_COPYFILE):   end;
MPRINT(EM_COPYFILE):   if fid > 0 then rc=fclose(fid);
MPRINT(EM_COPYFILE):   end;
MPRINT(EM_COPYFILE):   run;
MPRINT(EM_DIAGRAM):  ;
MPRINT(EM_DIAGRAM):   filename _OUTIN;
MPRINT(EM_DIAGRAM):    data _null_;
MPRINT(EM_DIAGRAM):   file _OUT mod;
MPRINT(EM_DIAGRAM):   put _page_;
MPRINT(EM_DIAGRAM):   put // "*------------------------------------------------------------*";
MPRINT(EM_DIAGRAM):   put "* Score Output";
MPRINT(EM_DIAGRAM):   put "*------------------------------------------------------------*";
MPRINT(EM_DIAGRAM):   run;
MPRINT(EM_DIAGRAM):    filename _OUTIN "J:\JMMORR01\CIS 445\Project 2\CIS 445 Project 2\Workspaces\EMWS1\Reg\EMSCORE.out" encoding="UTF-8" NOBOM;
MPRINT(EM_DIAGRAM):  ;
MPRINT(EM_DIAGRAM):   filename _OUTIN;
MPRINT(EM_DIAGRAM):    data _null_;
MPRINT(EM_DIAGRAM):   file _OUT mod;
MPRINT(EM_DIAGRAM):   put _page_;
MPRINT(EM_DIAGRAM):   put // "*------------------------------------------------------------*";
MPRINT(EM_DIAGRAM):   put "* Report Output";
MPRINT(EM_DIAGRAM):   put "*------------------------------------------------------------*";
MPRINT(EM_DIAGRAM):   run;
MPRINT(EM_DIAGRAM):    filename _OUTIN "J:\JMMORR01\CIS 445\Project 2\CIS 445 Project 2\Workspaces\EMWS1\Reg\EMREPORT.out" encoding="UTF-8" NOBOM;
MPRINT(EM_DIAGRAM):  ;
MPRINT(EM_DIAGRAM):   filename _OUTIN;
MPRINT(EM_DIAGRAM):    filename _OUT;
MPRINT(EM_DIAGRAM):    filename _emtool_ 'J:\JMMORR01\CIS 445\Project 2\CIS 445 Project 2\Workspaces\EMWS1\Reg\EMRUNSTATUS.xml' encoding="UTF-8" NOBOM;
MPRINT(EM_DIAGRAM):    filename _emtool_ 'J:\JMMORR01\CIS 445\Project 2\CIS 445 Project 2\Workspaces\EMWS1\Reg\EMRUNSTATUS.xml' encoding="UTF-8" NOBOM;
21331      proc freq data=EMWS1.Reg_VariableSet noprint;
MPRINT(EM_DIAGRAM):    proc freq data=EMWS1.Reg_VariableSet noprint;
21332      table ROLE*LEVEL/out=WORK.RegMETA;
MPRINT(EM_DIAGRAM):   table ROLE*LEVEL/out=WORK.RegMETA;
21333      run;
MPRINT(EM_DIAGRAM):   run;

NOTE: There were 7 observations read from the data set EMWS1.REG_VARIABLESET.
NOTE: The data set WORK.REGMETA has 3 observations and 4 variables.
NOTE: PROCEDURE FREQ used (Total process time):
      real time           0.09 seconds
      cpu time            0.03 seconds
      

21334      proc print data=WORK.RegMETA label noobs;
MPRINT(EM_DIAGRAM):   proc print data=WORK.RegMETA label noobs;
21335      var ROLE LEVEL COUNT;
MPRINT(EM_DIAGRAM):   var ROLE LEVEL COUNT;
21336      label ROLE = "%sysfunc(sasmsg(sashelp.dmine, meta_role_vlabel, NOQUOTE))" LEVEL = "%sysfunc(sasmsg(sashelp.dmine, meta_level_vlabel, NOQUOTE))" COUNT = "%sysfunc(sasmsg(sashelp.dmine, rpt_count_vlabel, NOQUOTE))";
MPRINT(EM_DIAGRAM):   label ROLE = "Role" LEVEL = "Measurement Level" COUNT = "Frequency Count";
21337      title9 ' ';
MPRINT(EM_DIAGRAM):   title9 ' ';
21338      title10 "%sysfunc(sasmsg(sashelp.dmine, rpt_varSummary_title  , NOQUOTE))";
MPRINT(EM_DIAGRAM):   title10 "Variable Summary";
MPRINT(EM_DIAGRAM):   run;
21339      run;

NOTE: There were 3 observations read from the data set WORK.REGMETA.
NOTE: The PROCEDURE PRINT printed page 1.
NOTE: PROCEDURE PRINT used (Total process time):
      real time           0.01 seconds
      cpu time            0.01 seconds
      

21340      title10;
MPRINT(EM_DIAGRAM):   title10;
21341      %let EMNORLEN = %DMNORLEN;
MPRINT(EM_DIAGRAM):   
EMWS1.FIMPORT_train EMWS1.FIMPORT_train 
EMWS1.FIMPORT_train EMWS1.FIMPORT_train EMWS1 FIMPORT_train 
EMWS1.FIMPORT_train EMWS1.FIMPORT_train 
EMWS1.FIMPORT_train EMWS1.FIMPORT_train EMWS1 FIMPORT_train 
MPRINT(EM_DIAGRAM):    proc dmdb data=EMWS1.FIMPORT_train classout=WORK._DMDBCLASSTARGET(keep=NAME NRAW CRAW LEVEL FREQUENCY NMISSPERCENT);
MPRINT(EM_DIAGRAM):   class WidgBuy(DESC) ;
MPRINT(EM_DIAGRAM):   run;
MPRINT(EM_DIAGRAM):    data _null_;
MPRINT(EM_DIAGRAM):   set WORK._DMDBCLASSTARGET;
MPRINT(EM_DIAGRAM):   where ^(NRAW eq . and CRAW eq '') and NAME="WidgBuy";
MPRINT(EM_DIAGRAM):   if _N_=1 then call symput('_newevent', strip(LEVEL));
MPRINT(EM_DIAGRAM):   run;
MPRINT(EM_DIAGRAM):   proc sort data=WORK._DMDBCLASSTARGET out=_TEMPCLASS(keep=LEVEL FREQUENCY NMISSPERCENT rename=(LEVEL=WidgBuy));
MPRINT(EM_DIAGRAM):   by LEVEL;
MPRINT(EM_DIAGRAM):   where ^(NRAW eq . and CRAW eq '') and NAME="WidgBuy";
MPRINT(EM_DIAGRAM):   run;
MPRINT(EM_DIAGRAM):   data _TEMPCLASS;
MPRINT(EM_DIAGRAM):   set _TEMPCLASS;
MPRINT(EM_DIAGRAM):   NMISSPERCENT= NMISSPERCENT/100;
MPRINT(EM_DIAGRAM):   run;
>>>>>>>>>>>>>> TARGET(   USE='Y' 
                         REPORT='N' 
                         NAME='WidgBuy' 
                         ROLE='TARGET' 
                         LEVEL='BINARY' 
                         ORDER='' 
                         CREATOR='' 
                         FORMATTYPE='CATEGORY' 
                         FAMILY='' 
                         LOWERLIMIT=. 
                         UPPERLIMIT=. 
                         DISTRIBUTION='' 
                         COMMENT='' 
                         PRICE=. 
                         TYPE='C' 
                         LABEL='WidgBuy' 
                         FORMAT='$3.' 
                         INFORMAT='$3.' 
                         INDEX='N' 
                         INDEXTYPE='NONE' 
                         LENGTH=3 
                      )[14603] 
MPRINT(EM_DIAGRAM):   
MPRINT(HPDM_PERFORMANCE):  ;
PERFORMANCE  DETAILS
MPRINT(EM_DIAGRAM):  ;
MPRINT(EM_DIAGRAM):    *------------------------------------------------------------* ;
MPRINT(EM_DIAGRAM):   * EM: DMDBClass Macro ;
MPRINT(EM_DIAGRAM):   *------------------------------------------------------------* ;
MPRINT(EM_DIAGRAM):   *------------------------------------------------------------* ;
MPRINT(EM_DIAGRAM):   * EM: DMDBVar Macro ;
MPRINT(EM_DIAGRAM):   *------------------------------------------------------------* ;
MPRINT(EM_DIAGRAM):   *------------------------------------------------------------*;
MPRINT(EM_DIAGRAM):   * EM: Create DMDB;
MPRINT(EM_DIAGRAM):   *------------------------------------------------------------*;
MPRINT(EM_DIAGRAM):   proc dmdb batch data=EMWS1.FIMPORT_train dmdbcat=WORK.EM_DMDB maxlevel = 513 ;
MPRINT(EM_DIAGRAM):   class
MPRINT(DMDBCLASS):   WidgBuy(DESC)
MPRINT(EM_DIAGRAM):  ;
MPRINT(EM_DIAGRAM):   target WidgBuy ;
MPRINT(EM_DIAGRAM):   run;
MPRINT(EM_DIAGRAM):   quit;
MPRINT(EM_DIAGRAM):   *--- end code ---*;
WORK.EM_DMDB WORK.EM_DMDB 
WORK.EM_DMDB WORK.EM_DMDB WORK EM_DMDB 
MPRINT(EM_DIAGRAM):    proc datasets lib=EMWS1 nolist;
MPRINT(EM_DIAGRAM):   modify Reg_WidgBuy_DD(type=PROFIT label= WidgBuy);
MPRINT(EM_DIAGRAM):   run;
MPRINT(EM_DIAGRAM):   quit;
MPRINT(EM_DIAGRAM):    *------------------------------------------------------------*;
MPRINT(EM_DIAGRAM):   * Reg: Determine decision variables for WidgBuy;
MPRINT(EM_DIAGRAM):   *------------------------------------------------------------*;
MPRINT(EM_DIAGRAM):   data WORK.Reg_SCORE;
MPRINT(EM_DIAGRAM):   set EMWS1.FIMPORT_train;
MPRINT(EM_DIAGRAM):   keep WidgBuy;
MPRINT(EM_DIAGRAM):   keep 'P_WidgBuyYes'n;
MPRINT(EM_DIAGRAM):   'P_WidgBuyYes'n = 0.5;
MPRINT(EM_DIAGRAM):   keep 'P_WidgBuyNo'n;
MPRINT(EM_DIAGRAM):   'P_WidgBuyNo'n = 0.5;
MPRINT(EM_DIAGRAM):   if _N_=1 then do;
MPRINT(EM_DIAGRAM):   output;
MPRINT(EM_DIAGRAM):   stop;
MPRINT(EM_DIAGRAM):   end;
MPRINT(EM_DIAGRAM):   run;
MPRINT(EM_DIAGRAM):    data EMWS1.Reg_WidgBuy_DM;
MPRINT(EM_DIAGRAM):   set EMWS1.Reg_WidgBuy_DM;
MPRINT(EM_DIAGRAM):   where _TYPE_ ^in('FREQ', 'BESTPROFIT', 'COMPUTEDPROFIT', 'EXPECTEDPROFIT', 'BESTLOSS', 'COMPUTEDLOSS', 'EXPECTEDLOSS', 'ROI', 'INVESTMENTCOST', 'MODELDECISION');
MPRINT(EM_DIAGRAM):   run;
MPRINT(EM_DIAGRAM):    proc datasets lib=work nolist;
MPRINT(EM_DIAGRAM):   modify WidgBuy(type=PROFIT label= WidgBuy);
MPRINT(EM_DIAGRAM):   label DECISION1= 'YES';
MPRINT(EM_DIAGRAM):   label DECISION2= 'NO';
MPRINT(EM_DIAGRAM):   run;
MPRINT(EM_DIAGRAM):   quit;
MPRINT(EM_DIAGRAM):    data EMWS1.Reg_WidgBuy_DM;
MPRINT(EM_DIAGRAM):   set EMWS1.Reg_WidgBuy_DM end=eof;
MPRINT(EM_DIAGRAM):   output;
MPRINT(EM_DIAGRAM):   if eof then do;
MPRINT(EM_DIAGRAM):   end;
MPRINT(EM_DIAGRAM):   run;
21426      data WORK.Reg_EVENT(KEEP=VARIABLE LABEL LEVEL EVENT NUMLEVELS ORDER);
MPRINT(EM_DIAGRAM):    data WORK.Reg_EVENT(KEEP=VARIABLE LABEL LEVEL EVENT NUMLEVELS ORDER);
21427      length ORDER $20;
MPRINT(EM_DIAGRAM):   length ORDER $20;
21428      label VARIABLE = "%sysfunc(sasmsg(sashelp.dmine, rpt_target_vlabel,  NOQUOTE))" EVENT = "%sysfunc(sasmsg(sashelp.dmine, assmt_event_vlabel, NOQUOTE))" NUMLEVELS = "%sysfunc(sasmsg(sashelp.dmine, rpt_numcat_vlabel, NOQUOTE))" LEVEL =
21429         "%sysfunc(sasmsg(sashelp.dmine, meta_level_vlabel, NOQUOTE))" ORDER = "%sysfunc(sasmsg(sashelp.dmine, meta_order_vlabel, NOQUOTE))" LABEL = "%sysfunc(sasmsg(sashelp.dmine, meta_label_vlabel, NOQUOTE))";
MPRINT(EM_DIAGRAM):   label VARIABLE = "Target" EVENT = "Event" NUMLEVELS = "Number of Levels" LEVEL = "Measurement Level" ORDER = "Order" LABEL = "Label";
21430      set EMWS1.REG_WIDGBUY_DM( where=(_TYPE_="TARGET"));
MPRINT(EM_DIAGRAM):   set EMWS1.REG_WIDGBUY_DM( where=(_TYPE_="TARGET"));
21431      NumLevels=2;
MPRINT(EM_DIAGRAM):   NumLevels=2;
21432      select(upcase(ORDER));
MPRINT(EM_DIAGRAM):   select(upcase(ORDER));
21433      when('DESC') ORDER = 'Descending';
MPRINT(EM_DIAGRAM):   when('DESC') ORDER = 'Descending';
21434      when('ASC') ORDER = 'Ascending';
MPRINT(EM_DIAGRAM):   when('ASC') ORDER = 'Ascending';
21435      when('FMTDESC') ORDER = 'Formatted Descending';
MPRINT(EM_DIAGRAM):   when('FMTDESC') ORDER = 'Formatted Descending';
21436      when('FMTASC') ORDER = 'Formatted Ascending';
MPRINT(EM_DIAGRAM):   when('FMTASC') ORDER = 'Formatted Ascending';
21437      otherwise ORDER = 'Descending';
MPRINT(EM_DIAGRAM):   otherwise ORDER = 'Descending';
21438      end;
MPRINT(EM_DIAGRAM):   end;
21439      output;
MPRINT(EM_DIAGRAM):   output;
21440      run;
MPRINT(EM_DIAGRAM):   run;

NOTE: There were 1 observations read from the data set EMWS1.REG_WIDGBUY_DM.
      WHERE _TYPE_='TARGET';
NOTE: The data set WORK.REG_EVENT has 1 observations and 6 variables.
NOTE: DATA statement used (Total process time):
      real time           0.04 seconds
      cpu time            0.01 seconds
      

21441      title9 ' ';
MPRINT(EM_DIAGRAM):   title9 ' ';
21442      proc print data=WORK.Reg_EVENT noobs label;
MPRINT(EM_DIAGRAM):   proc print data=WORK.Reg_EVENT noobs label;
21443      var VARIABLE EVENT LEVEL NUMLEVELS ORDER LABEL;
MPRINT(EM_DIAGRAM):   var VARIABLE EVENT LEVEL NUMLEVELS ORDER LABEL;
21444      title9 ' ';
MPRINT(EM_DIAGRAM):   title9 ' ';
21445      title10 "%sysfunc(sasmsg(sashelp.dmine, rpt_modelEvent_title  , NOQUOTE))";
MPRINT(EM_DIAGRAM):   title10 "Model Events";
MPRINT(EM_DIAGRAM):   run;
21446      run;

NOTE: There were 1 observations read from the data set WORK.REG_EVENT.
NOTE: The PROCEDURE PRINT printed page 2.
NOTE: PROCEDURE PRINT used (Total process time):
      real time           0.01 seconds
      cpu time            0.01 seconds
      

21447      title10;
MPRINT(EM_DIAGRAM):   title10;
"No decisions defined for target "WidgBuy"." 
21448      proc print data = EMWS1.Reg_WidgBuy_DM noobs label;
MPRINT(EM_DIAGRAM):    proc print data = EMWS1.Reg_WidgBuy_DM noobs label;
21449      var _type_ variable label;
MPRINT(EM_DIAGRAM):   var _type_ variable label;
21450      where _type_ ^in('MATRIX', 'DECISION', 'TRAINPRIOR', 'DATAPRIOR', 'DECPRIOR');
MPRINT(EM_DIAGRAM):   where _type_ ^in('MATRIX', 'DECISION', 'TRAINPRIOR', 'DATAPRIOR', 'DECPRIOR');
21451      label _TYPE_ = "%sysfunc(sasmsg(sashelp.dmine, rpt_type_vlabel,     NOQUOTE))" VARIABLE = "%sysfunc(sasmsg(sashelp.dmine, rpt_variable_vlabel, NOQUOTE))" LABEL = "%sysfunc(sasmsg(sashelp.dmine, meta_label_vlabel, NOQUOTE))";
MPRINT(EM_DIAGRAM):   label _TYPE_ = "Type" VARIABLE = "Variable" LABEL = "Label";
21452      title9 ' ';
MPRINT(EM_DIAGRAM):   title9 ' ';
21453      title10 "%sysfunc(sasmsg(sashelp.dmine, rpt_predDecVars_title  , NOQUOTE))";
MPRINT(EM_DIAGRAM):   title10 "Predicted and decision variables";
MPRINT(EM_DIAGRAM):   run;
21454      run;

NOTE: There were 7 observations read from the data set EMWS1.REG_WIDGBUY_DM.
      WHERE _type_ not in ('DATAPRIOR', 'DECISION', 'DECPRIOR', 'MATRIX', 'TRAINPRIOR');
NOTE: The PROCEDURE PRINT printed page 3.
NOTE: PROCEDURE PRINT used (Total process time):
      real time           0.01 seconds
      cpu time            0.01 seconds
      

21455      title10;
MPRINT(EM_DIAGRAM):   title10;
MPRINT(EM_DIAGRAM):    *------------------------------------------------------------*;
MPRINT(EM_DIAGRAM):   * Reg: Preparing metadata for Training *------------------------------------------------------------*;
MPRINT(EM_DIAGRAM):   data WORK.M226077Y;
MPRINT(EM_DIAGRAM):   set WORK.M226077Y;
MPRINT(EM_DIAGRAM):   where use = 'Y' or (role = 'INPUT' and use = 'D') ;
MPRINT(EM_DIAGRAM):   if (role = 'REJECTED') then role = 'INPUT';
MPRINT(EM_DIAGRAM):   if use = 'D' then use = 'Y';
MPRINT(EM_DIAGRAM):   run;
21465      data WORK.M226077Y;
MPRINT(EM_DIAGRAM):    data WORK.M226077Y;
21466      set WORK.M226077Y end=eof;
MPRINT(EM_DIAGRAM):   set WORK.M226077Y end=eof;
21467      output;
MPRINT(EM_DIAGRAM):   output;
21468      if eof then do;
MPRINT(EM_DIAGRAM):   if eof then do;
21469      NAME="";
MPRINT(EM_DIAGRAM):   NAME="";
21470      ROLE="COST";
MPRINT(EM_DIAGRAM):   ROLE="COST";
21471      LEVEL="INTERVAL";
MPRINT(EM_DIAGRAM):   LEVEL="INTERVAL";
21472      TYPE="N";
MPRINT(EM_DIAGRAM):   TYPE="N";
21473      output;
MPRINT(EM_DIAGRAM):   output;
21474      end;
MPRINT(EM_DIAGRAM):   end;
21475      run;
MPRINT(EM_DIAGRAM):   run;

NOTE: There were 7 observations read from the data set WORK.M226077Y.
NOTE: The data set WORK.M226077Y has 8 observations and 21 variables.
NOTE: DATA statement used (Total process time):
      real time           0.01 seconds
      cpu time            0.00 seconds
      

NOTE: There were 2 observations read from the data set EMWS1.REG_WIDGBUY_DD.
NOTE: The data set WORK.WIDGBUY has 2 observations and 7 variables.
NOTE: There were 2 observations read from the data set EMWS1.REG_WIDGBUY_DD.
NOTE: The data set WORK.WIDGBUY has 2 observations and 7 variables.
21476      *------------------------------------------------------------*;
MPRINT(EM_DIAGRAM):    *------------------------------------------------------------*;
21477      * Reg: Create decision matrix;
MPRINT(EM_DIAGRAM):   * Reg: Create decision matrix;
21478      *------------------------------------------------------------*;
MPRINT(EM_DIAGRAM):   *------------------------------------------------------------*;
21479      data WORK.WidgBuy(label="WidgBuy");
MPRINT(EM_DIAGRAM):   data WORK.WidgBuy(label="WidgBuy");
21480        length   WidgBuy                          $  32
21481                 COUNT                                8
21482                 DATAPRIOR                            8
21483                 TRAINPRIOR                           8
21484                 DECPRIOR                             8
21485                 DECISION1                            8
21486                 DECISION2                            8
21487                 ;
MPRINT(EM_DIAGRAM):   length WidgBuy $ 32 COUNT 8 DATAPRIOR 8 TRAINPRIOR 8 DECPRIOR 8 DECISION1 8 DECISION2 8 ;
21488      
21489        label    COUNT="Level Counts"
21490                 DATAPRIOR="Data Proportions"
21491                 TRAINPRIOR="Training Proportions"
21492                 DECPRIOR="Decision Priors"
21493                 DECISION1="YES"
21494                 DECISION2="NO"
21495                 ;
MPRINT(EM_DIAGRAM):   label COUNT= "Level Counts" DATAPRIOR= "Data Proportions" TRAINPRIOR= "Training Proportions" DECPRIOR= "Decision Priors" DECISION1= "YES" DECISION2= "NO" ;
21496      WidgBuy="YES"; COUNT=11; DATAPRIOR=0.55; TRAINPRIOR=0.55; DECPRIOR=.; DECISION1=1; DECISION2=0;
MPRINT(EM_DIAGRAM):   WidgBuy="YES";
MPRINT(EM_DIAGRAM):   COUNT=11;
MPRINT(EM_DIAGRAM):   DATAPRIOR=0.55;
MPRINT(EM_DIAGRAM):   TRAINPRIOR=0.55;
MPRINT(EM_DIAGRAM):   DECPRIOR=.;
MPRINT(EM_DIAGRAM):   DECISION1=1;
MPRINT(EM_DIAGRAM):   DECISION2=0;
21497      output;
MPRINT(EM_DIAGRAM):   output;
21498      WidgBuy="NO"; COUNT=9; DATAPRIOR=0.45; TRAINPRIOR=0.45; DECPRIOR=.; DECISION1=0; DECISION2=1;
MPRINT(EM_DIAGRAM):   WidgBuy="NO";
MPRINT(EM_DIAGRAM):   COUNT=9;
MPRINT(EM_DIAGRAM):   DATAPRIOR=0.45;
MPRINT(EM_DIAGRAM):   TRAINPRIOR=0.45;
MPRINT(EM_DIAGRAM):   DECPRIOR=.;
MPRINT(EM_DIAGRAM):   DECISION1=0;
MPRINT(EM_DIAGRAM):   DECISION2=1;
21499      output;
MPRINT(EM_DIAGRAM):   output;
21500      ;
MPRINT(EM_DIAGRAM):   ;
21501      run;
MPRINT(EM_DIAGRAM):   run;

NOTE: The data set WORK.WIDGBUY has 2 observations and 7 variables.
NOTE: DATA statement used (Total process time):
      real time           0.01 seconds
      cpu time            0.01 seconds
      

21502      proc datasets lib=work nolist;
MPRINT(EM_DIAGRAM):   proc datasets lib=work nolist;
21503      modify WidgBuy(type=PROFIT label=WidgBuy);
MPRINT(EM_DIAGRAM):   modify WidgBuy(type=PROFIT label= WidgBuy);
MPRINT(EM_DIAGRAM):   label DECISION1= 'YES';
MPRINT(EM_DIAGRAM):   label DECISION2= 'NO';
MPRINT(EM_DIAGRAM):   run;
21504      label DECISION1= 'YES';
21505      label DECISION2= 'NO';
21506      run;

NOTE: MODIFY was successful for WORK.WIDGBUY.DATA.
21507      quit;
MPRINT(EM_DIAGRAM):   quit;

NOTE: PROCEDURE DATASETS used (Total process time):
      real time           0.04 seconds
      cpu time            0.03 seconds
      

21508      data EM_DMREG / view=EM_DMREG;
MPRINT(EM_DIAGRAM):   data EM_DMREG / view=EM_DMREG;
21509      set EMWS1.FIMPORT_train(keep=
21510      Age Income Residence WidgBuy X2 X4 X5 );
MPRINT(EM_DIAGRAM):   set EMWS1.FIMPORT_train(keep= Age Income Residence WidgBuy X2 X4 X5 );
21511      run;
MPRINT(EM_DIAGRAM):   run;

NOTE: DATA STEP view saved on file WORK.EM_DMREG.
NOTE: A stored DATA STEP view cannot run under a different operating system.
NOTE: View EMWS1.FIMPORT_TRAIN.VIEW used (Total process time):
      real time           0.04 seconds
      cpu time            0.04 seconds
      
NOTE: DATA statement used (Total process time):
      real time           0.07 seconds
      cpu time            0.04 seconds
      

MPRINT(EM_DIAGRAM):   *------------------------------------------------------------* ;
MPRINT(EM_DIAGRAM):   * Reg: DMDBClass Macro ;
MPRINT(EM_DIAGRAM):   *------------------------------------------------------------* ;
21512      *------------------------------------------------------------* ;
21513      * Reg: DMDBClass Macro ;
21514      *------------------------------------------------------------* ;
21515      %macro DMDBClass;
21516          Income(ASC) Residence(ASC) WidgBuy(DESC)
21517      %mend DMDBClass;
21518      *------------------------------------------------------------* ;
MPRINT(EM_DIAGRAM):   *------------------------------------------------------------* ;
21519      * Reg: DMDBVar Macro ;
MPRINT(EM_DIAGRAM):   * Reg: DMDBVar Macro ;
21520      *------------------------------------------------------------* ;
MPRINT(EM_DIAGRAM):   *------------------------------------------------------------* ;
21521      %macro DMDBVar;
21522          Age X2 X4 X5
21523      %mend DMDBVar;
21524      *------------------------------------------------------------*;
MPRINT(EM_DIAGRAM):   *------------------------------------------------------------*;
21525      * Reg: Create DMDB;
MPRINT(EM_DIAGRAM):   * Reg: Create DMDB;
21526      *------------------------------------------------------------*;
MPRINT(EM_DIAGRAM):   *------------------------------------------------------------*;
21527      proc dmdb batch data=WORK.EM_DMREG
21528      dmdbcat=WORK.Reg_DMDB
21529      maxlevel = 513
21530      ;
MPRINT(EM_DIAGRAM):   proc dmdb batch data=WORK.EM_DMREG dmdbcat=WORK.Reg_DMDB maxlevel = 513 ;
MPRINT(EM_DIAGRAM):   class
21531      class %DMDBClass;
MPRINT(DMDBCLASS):   Income(ASC) Residence(ASC) WidgBuy(DESC)
MPRINT(EM_DIAGRAM):  ;
MPRINT(EM_DIAGRAM):   var
21532      var %DMDBVar;
MPRINT(DMDBVAR):   Age X2 X4 X5
MPRINT(EM_DIAGRAM):  ;
21533      target
21534      WidgBuy
21535      ;
MPRINT(EM_DIAGRAM):   target WidgBuy ;
21536      run;
MPRINT(EM_DIAGRAM):   run;

NOTE: Records processed = 20   Memory used = 511K.
NOTE: There were 20 observations read from the data set EMWS1.FIMPORT_DATA.
NOTE: View WORK.EM_DMREG.VIEW used (Total process time):
      real time           0.10 seconds
      cpu time            0.09 seconds
      
NOTE: There were 20 observations read from the data set EMWS1.FIMPORT_TRAIN.
NOTE: There were 20 observations read from the data set WORK.EM_DMREG.
NOTE: PROCEDURE DMDB used (Total process time):
      real time           0.12 seconds
      cpu time            0.10 seconds
      

MPRINT(EM_DIAGRAM):   quit;
MPRINT(EM_DIAGRAM):   *--- end code ---*;
21537      quit;
21538      *--- end code ---*;

21539      *------------------------------------------------------------*;
MPRINT(EM_DIAGRAM):    *------------------------------------------------------------*;
21540      * Reg: Run DMREG procedure;
MPRINT(EM_DIAGRAM):   * Reg: Run DMREG procedure;
21541      *------------------------------------------------------------*;
MPRINT(EM_DIAGRAM):   *------------------------------------------------------------*;
21542      proc dmreg data=EM_DMREG dmdbcat=WORK.Reg_DMDB
21543      outest = EMWS1.Reg_EMESTIMATE
21544      outterms = EMWS1.Reg_OUTTERMS
21545      outmap= EMWS1.Reg_MAPDS namelen=200
21546      ;
MPRINT(EM_DIAGRAM):   proc dmreg data=EM_DMREG dmdbcat=WORK.Reg_DMDB outest = EMWS1.Reg_EMESTIMATE outterms = EMWS1.Reg_OUTTERMS outmap= EMWS1.Reg_MAPDS namelen=200 ;
21547      class
21548      WidgBuy
21549      Income
21550      Residence
21551      ;
MPRINT(EM_DIAGRAM):   class WidgBuy Income Residence ;
21552      model WidgBuy =
21553      Age
21554      Income
21555      Residence
21556      X2
21557      X4
21558      X5
21559      /error=binomial link=LOGIT
21560      coding=DEVIATION
21561      nodesignprint
21562      ;
MPRINT(EM_DIAGRAM):   model WidgBuy = Age Income Residence X2 X4 X5 /error=binomial link=LOGIT coding=DEVIATION nodesignprint ;
21563      ;
MPRINT(EM_DIAGRAM):   ;
21564      code file="J:\JMMORR01\CIS 445\Project 2\CIS 445 Project 2\Workspaces\EMWS1\Reg\EMPUBLISHSCORE.sas"
21565      group=Reg
21566      ;
MPRINT(EM_DIAGRAM):   code file="J:\JMMORR01\CIS 445\Project 2\CIS 445 Project 2\Workspaces\EMWS1\Reg\EMPUBLISHSCORE.sas" group=Reg ;
21567      code file="J:\JMMORR01\CIS 445\Project 2\CIS 445 Project 2\Workspaces\EMWS1\Reg\EMFLOWSCORE.sas"
21568      group=Reg
21569      residual
21570      ;
MPRINT(EM_DIAGRAM):   code file="J:\JMMORR01\CIS 445\Project 2\CIS 445 Project 2\Workspaces\EMWS1\Reg\EMFLOWSCORE.sas" group=Reg residual ;
21571      run;
MPRINT(EM_DIAGRAM):   run;


NOTE: PROC DMREG is modeling the probability that WidgBuy='Yes'.
NOTE: Convergence criterion (ABSCONV=0.0137627763) satisfied.
NOTE: At least one element of the gradient is greater than 1e-3.
NOTE: External file J:\JMMORR01\CIS 445\Project 2\CIS 445 Project 2\Workspaces\EMWS1\Reg\EMPUBLISHSCORE.sas opened.
NOTE: External file J:\JMMORR01\CIS 445\Project 2\CIS 445 Project 2\Workspaces\EMWS1\Reg\EMFLOWSCORE.sas opened.
NOTE: There were 20 observations read from the data set EMWS1.FIMPORT_DATA.
NOTE: View WORK.EM_DMREG.VIEW used (Total process time):
      real time           0.57 seconds
      cpu time            0.21 seconds
      
NOTE: There were 20 observations read from the data set EMWS1.FIMPORT_TRAIN.
NOTE: There were 20 observations read from the data set WORK.EM_DMREG.
NOTE: The data set EMWS1.REG_EMESTIMATE has 3 observations and 30 variables.
NOTE: The data set EMWS1.REG_OUTTERMS has 8 observations and 6 variables.
NOTE: The data set EMWS1.REG_MAPDS has 2 observations and 9 variables.
NOTE: The PROCEDURE DMREG printed pages 4-5.
NOTE: PROCEDURE DMREG used (Total process time):
      real time           0.78 seconds
      cpu time            0.26 seconds
      

MPRINT(EM_DIAGRAM):   quit;
21572      quit;

21573      proc datasets lib=WORK nolist;
MPRINT(EM_DIAGRAM):    proc datasets lib=WORK nolist;
21574      delete Reg_DMDB;
MPRINT(EM_DIAGRAM):   delete Reg_DMDB;
21575      run;
MPRINT(EM_DIAGRAM):   run;

NOTE: The file WORK.REG_DMDB (memtype=DATA) was not found, but appears on a DELETE statement.
21576      quit;
MPRINT(EM_DIAGRAM):   quit;

NOTE: PROCEDURE DATASETS used (Total process time):
      real time           0.01 seconds
      cpu time            0.01 seconds
      

21577      proc datasets lib=WORK nolist;
MPRINT(EM_DIAGRAM):    proc datasets lib=WORK nolist;
21578      delete Reg_DMDB / memtype=catalog;
MPRINT(EM_DIAGRAM):   delete Reg_DMDB / memtype=catalog;
21579      run;
MPRINT(EM_DIAGRAM):   run;

NOTE: Deleting WORK.REG_DMDB (memtype=CATALOG).
21580      quit;
MPRINT(EM_DIAGRAM):   quit;

NOTE: PROCEDURE DATASETS used (Total process time):
      real time           0.01 seconds
      cpu time            0.00 seconds
      

21581      data WORK.ESTIMATE;
MPRINT(EM_DIAGRAM):    data WORK.ESTIMATE;
21582      length _NAME_ $32;
MPRINT(EM_DIAGRAM):   length _NAME_ $32;
21583      set EMWS1.Reg_EMESTIMATE;
MPRINT(EM_DIAGRAM):   set EMWS1.Reg_EMESTIMATE;
21584      drop _AIC_--_MISC_
21585      ;
MPRINT(EM_DIAGRAM):   drop _AIC_--_MISC_ ;
21586      where _TYPE_ in('PARMS', 'T', 'P');
MPRINT(EM_DIAGRAM):   where _TYPE_ in('PARMS', 'T', 'P');
21587      select(_TYPE_);
MPRINT(EM_DIAGRAM):   select(_TYPE_);
21588      when('PARMS') _NAME_='Coefficient';
MPRINT(EM_DIAGRAM):   when('PARMS') _NAME_='Coefficient';
21589      when('T') _NAME_='tValue';
MPRINT(EM_DIAGRAM):   when('T') _NAME_='tValue';
21590      when('P') _NAME_='PValue';
MPRINT(EM_DIAGRAM):   when('P') _NAME_='PValue';
21591      otherwise;
MPRINT(EM_DIAGRAM):   otherwise;
21592      end;
MPRINT(EM_DIAGRAM):   end;
21593      run;
MPRINT(EM_DIAGRAM):   run;

NOTE: There were 3 observations read from the data set EMWS1.REG_EMESTIMATE.
      WHERE _TYPE_ in ('P', 'PARMS', 'T');
NOTE: The data set WORK.ESTIMATE has 3 observations and 10 variables.
NOTE: DATA statement used (Total process time):
      real time           0.01 seconds
      cpu time            0.00 seconds
      

21594      proc transpose data=WORK.ESTIMATE out=WORK.ESTIMATE(rename=(_NAME_=Effect));
MPRINT(EM_DIAGRAM):   proc transpose data=WORK.ESTIMATE out=WORK.ESTIMATE(rename=(_NAME_=Effect));
21595      run;
MPRINT(EM_DIAGRAM):   run;

NOTE: There were 3 observations read from the data set WORK.ESTIMATE.
NOTE: The data set WORK.ESTIMATE has 8 observations and 5 variables.
NOTE: PROCEDURE TRANSPOSE used (Total process time):
      real time           0.03 seconds
      cpu time            0.00 seconds
      

21596      proc transpose data=EMWS1.Reg_MAPDS out=WORK.MAP(rename=(_NAME_=Effect INPUT=Variable
21597      ));
MPRINT(EM_DIAGRAM):   proc transpose data=EMWS1.Reg_MAPDS out=WORK.MAP(rename=(_NAME_=Effect INPUT=Variable ));
21598      var 'Age'n--'X5'n;
MPRINT(EM_DIAGRAM):   var 'Age'n--'X5'n;
21599      run;
MPRINT(EM_DIAGRAM):   run;

NOTE: There were 2 observations read from the data set EMWS1.REG_MAPDS.
NOTE: The data set WORK.MAP has 7 observations and 4 variables.
NOTE: PROCEDURE TRANSPOSE used (Total process time):
      real time           0.03 seconds
      cpu time            0.01 seconds
      

21600      proc sort data=WORK.MAP;
MPRINT(EM_DIAGRAM):   proc sort data=WORK.MAP;
21601      by Effect;
MPRINT(EM_DIAGRAM):   by Effect;
21602      run;
MPRINT(EM_DIAGRAM):   run;

NOTE: There were 7 observations read from the data set WORK.MAP.
NOTE: The data set WORK.MAP has 7 observations and 4 variables.
NOTE: PROCEDURE SORT used (Total process time):
      real time           0.01 seconds
      cpu time            0.01 seconds
      

21603      proc sort data=WORK.ESTIMATE;
MPRINT(EM_DIAGRAM):   proc sort data=WORK.ESTIMATE;
21604      by Effect;
MPRINT(EM_DIAGRAM):   by Effect;
21605      run;
MPRINT(EM_DIAGRAM):   run;

NOTE: There were 8 observations read from the data set WORK.ESTIMATE.
NOTE: The data set WORK.ESTIMATE has 8 observations and 5 variables.
NOTE: PROCEDURE SORT used (Total process time):
      real time           0.01 seconds
      cpu time            0.00 seconds
      

21606      data EMWS1.Reg_EFFECTS(rename=(_LABEL_=EffectLabel));
MPRINT(EM_DIAGRAM):   data EMWS1.Reg_EFFECTS(rename=(_LABEL_=EffectLabel));
21607      length Variable ClassLevel $32;
MPRINT(EM_DIAGRAM):   length Variable ClassLevel $32;
21608      merge WORK.ESTIMATE WORK.MAP;
MPRINT(EM_DIAGRAM):   merge WORK.ESTIMATE WORK.MAP;
21609      by Effect;
MPRINT(EM_DIAGRAM):   by Effect;
21610      label Effect = "%sysfunc(sasmsg(sashelp.dmine, rpt_effect_vlabel, NOQUOTE))" Variable = "%sysfunc(sasmsg(sashelp.dmine, rpt_variable_vlabel, NOQUOTE))" Sign = "%sysfunc(sasmsg(sashelp.dmine, rpt_sign_vlabel, NOQUOTE))" ClassLevel =
21611         "%sysfunc(sasmsg(sashelp.dmine, rpt_level_vlabel, NOQUOTE))" Abscoefficient = "%sysfunc(sasmsg(sashelp.dmine, rpt_abscoefficient_vlabel, NOQUOTE))" Coefficient = "%sysfunc(sasmsg(sashelp.dmine, rpt_coefficient_vlabel, NOQUOTE))" _LABEL_ =
21612         "%sysfunc(sasmsg(sashelp.dmine, rpt_effectLabel_vlabel, NOQUOTE))" CODE = "%sysfunc(sasmsg(sashelp.dmine, rpt_scorecodevar_vlabel, NOQUOTE))";
MPRINT(EM_DIAGRAM):   label Effect = "Effect" Variable = "Variable" Sign = "Sign" ClassLevel = "Level" Abscoefficient = "Absolute Coefficient" Coefficient = "Coefficient" _LABEL_ = "Effect Label" CODE = "Score Code Variable";
21613      label tvalue = "%sysfunc(sasmsg(sashelp.dmine, rpt_tvalue_vlabel,         NOQUOTE))" abstvalue = "%sysfunc(sasmsg(sashelp.dmine, rpt_absoluteTvalue_vlabel, NOQUOTE))" PValue = "%sysfunc(sasmsg(sashelp.dmine, rpt_pvalue_vlabel,         NOQUOTE))"
21613    ! ;
MPRINT(EM_DIAGRAM):   label tvalue = "T-value" abstvalue = "Absolute T-value" PValue = "P Value";
21614      abstvalue = abs(tValue);
MPRINT(EM_DIAGRAM):   abstvalue = abs(tValue);
21615      if index(Effect, 'Intercept') then do;
MPRINT(EM_DIAGRAM):   if index(Effect, 'Intercept') then do;
21616      variable = 'Intercept';
MPRINT(EM_DIAGRAM):   variable = 'Intercept';
21617      classLevel = scan(_LABEL_, 2, '=');
MPRINT(EM_DIAGRAM):   classLevel = scan(_LABEL_, 2, '=');
21618      end;
MPRINT(EM_DIAGRAM):   end;
21619      if ^indexc(variable, '*') then do;
MPRINT(EM_DIAGRAM):   if ^indexc(variable, '*') then do;
21620      if length(effect)>length(variable) then classlevel = substr(Effect, length(variable)+1);
MPRINT(EM_DIAGRAM):   if length(effect)>length(variable) then classlevel = substr(Effect, length(variable)+1);
21621      end;
MPRINT(EM_DIAGRAM):   end;
21622      if Effect eq '' then Effect = Variable;
MPRINT(EM_DIAGRAM):   if Effect eq '' then Effect = Variable;
21623      if coefficient < 0 then sign = '-';
MPRINT(EM_DIAGRAM):   if coefficient < 0 then sign = '-';
21624      else sign = '+';
MPRINT(EM_DIAGRAM):   else sign = '+';
21625      abscoefficient = abs(coefficient);
MPRINT(EM_DIAGRAM):   abscoefficient = abs(coefficient);
21626      if _LABEL_ = '' then _LABEL_ = Effect;
MPRINT(EM_DIAGRAM):   if _LABEL_ = '' then _LABEL_ = Effect;
21627      if coefficient ne . then output;
MPRINT(EM_DIAGRAM):   if coefficient ne . then output;
21628      run;
MPRINT(EM_DIAGRAM):   run;

NOTE: There were 8 observations read from the data set WORK.ESTIMATE.
NOTE: There were 7 observations read from the data set WORK.MAP.
NOTE: The data set EMWS1.REG_EFFECTS has 8 observations and 11 variables.
NOTE: DATA statement used (Total process time):
      real time           0.11 seconds
      cpu time            0.04 seconds
      

21629      proc sort data =EMWS1.Reg_EFFECTS;
MPRINT(EM_DIAGRAM):    proc sort data =EMWS1.Reg_EFFECTS;
21630      by
21631      descending abstvalue;
MPRINT(EM_DIAGRAM):   by descending abstvalue;
21632      run;
MPRINT(EM_DIAGRAM):   run;

NOTE: There were 8 observations read from the data set EMWS1.REG_EFFECTS.
NOTE: The data set EMWS1.REG_EFFECTS has 8 observations and 11 variables.
NOTE: PROCEDURE SORT used (Total process time):
      real time           0.12 seconds
      cpu time            0.06 seconds
      

21633      data EMWS1.Reg_EFFECTS;
MPRINT(EM_DIAGRAM):   data EMWS1.Reg_EFFECTS;
21634      set EMWS1.Reg_EFFECTS;
MPRINT(EM_DIAGRAM):   set EMWS1.Reg_EFFECTS;
21635      format TEffectNum 3.;
MPRINT(EM_DIAGRAM):   format TEffectNum 3.;
21636      label TEffectNum = "%sysfunc(sasmsg(sashelp.dmine, rpt_teffectnum_vlabel, NOQUOTE))";
MPRINT(EM_DIAGRAM):   label TEffectNum = "TScore Number";
21637      retain TEffectNum;
MPRINT(EM_DIAGRAM):   retain TEffectNum;
21638      TEffectNum = _N_;
MPRINT(EM_DIAGRAM):   TEffectNum = _N_;
21639      run;
MPRINT(EM_DIAGRAM):   run;

NOTE: There were 8 observations read from the data set EMWS1.REG_EFFECTS.
NOTE: The data set EMWS1.REG_EFFECTS has 8 observations and 12 variables.
NOTE: DATA statement used (Total process time):
      real time           0.12 seconds
      cpu time            0.04 seconds
      

21640      proc sort data =EMWS1.Reg_EFFECTS;
MPRINT(EM_DIAGRAM):    proc sort data =EMWS1.Reg_EFFECTS;
21641      by
21642      descending absCoefficient;
MPRINT(EM_DIAGRAM):   by descending absCoefficient;
21643      run;
MPRINT(EM_DIAGRAM):   run;

NOTE: There were 8 observations read from the data set EMWS1.REG_EFFECTS.
NOTE: The data set EMWS1.REG_EFFECTS has 8 observations and 12 variables.
NOTE: PROCEDURE SORT used (Total process time):
      real time           0.12 seconds
      cpu time            0.01 seconds
      

21644      data EMWS1.Reg_EFFECTS;
MPRINT(EM_DIAGRAM):   data EMWS1.Reg_EFFECTS;
21645      set EMWS1.Reg_EFFECTS;
MPRINT(EM_DIAGRAM):   set EMWS1.Reg_EFFECTS;
21646      format EffectNum 3.;
MPRINT(EM_DIAGRAM):   format EffectNum 3.;
21647      label EffectNum = "%sysfunc(sasmsg(sashelp.dmine, rpt_effectnum_vlabel, NOQUOTE))";
MPRINT(EM_DIAGRAM):   label EffectNum = "Effect Number";
21648      retain EffectNum;
MPRINT(EM_DIAGRAM):   retain EffectNum;
21649      EffectNum = _N_;
MPRINT(EM_DIAGRAM):   EffectNum = _N_;
21650      run;
MPRINT(EM_DIAGRAM):   run;

NOTE: There were 8 observations read from the data set EMWS1.REG_EFFECTS.
NOTE: The data set EMWS1.REG_EFFECTS has 8 observations and 13 variables.
NOTE: DATA statement used (Total process time):
      real time           0.12 seconds
      cpu time            0.01 seconds
      

MPRINT(EM_DIAGRAM):    proc printto;
MPRINT(EM_DIAGRAM):   run;
